#-----------------------------------------------------------
# Vivado v2024.2 (64-bit)
# SW Build 5239630 on Fri Nov 08 22:35:27 MST 2024
# IP Build 5239520 on Sun Nov 10 16:12:51 MST 2024
# SharedData Build 5239561 on Fri Nov 08 14:39:27 MST 2024
# Start of session at: Thu Oct 23 12:56:53 2025
# Process ID         : 9148
# Current directory  : C:/Users/salti/Desktop/Final_Project/RV32M - FPGA/single
# Command line       : vivado.exe -gui_launcher_event rodinguilauncherevent28628 C:\Users\salti\Desktop\Final_Project\RV32M - FPGA\single\Single_FPGA.xpr
# Log file           : C:/Users/salti/Desktop/Final_Project/RV32M - FPGA/single/vivado.log
# Journal file       : C:/Users/salti/Desktop/Final_Project/RV32M - FPGA/single\vivado.jou
# Running On         : Zenbook
# Platform           : Windows Server 2016 or Windows 10
# Operating System   : 26100
# Processor Detail   : Intel(R) Core(TM) Ultra 9 285H
# CPU Frequency      : 3686 MHz
# CPU Physical cores : 16
# CPU Logical cores  : 16
# Host memory        : 33685 MB
# Swap memory        : 2147 MB
# Total Virtual      : 35833 MB
# Available Virtual  : 21750 MB
#-----------------------------------------------------------
start_gui
open_project {C:/Users/salti/Desktop/Final_Project/RV32M - FPGA/single/Single_FPGA.xpr}
INFO: [filemgmt 56-3] Default IP Output Path : Could not find the directory 'C:/Users/salti/Desktop/Final_Project/RV32M - FPGA/single/Single_FPGA.gen/sources_1'.
Scanning sources...
Finished scanning sources
INFO: [IP_Flow 19-234] Refreshing IP repositories
INFO: [IP_Flow 19-1704] No user IP repositories specified
INFO: [IP_Flow 19-2313] Loaded Vivado IP repository 'C:/Xilinx/Vivado/2024.2/data/ip'.
open_project: Time (s): cpu = 00:00:26 ; elapsed = 00:00:15 . Memory (MB): peak = 1197.562 ; gain = 123.590
update_compile_order -fileset sources_1
reset_run synth_1
INFO: [Project 1-1161] Replacing file C:/Users/salti/Desktop/Final_Project/RV32M - FPGA/single/Single_FPGA.srcs/utils_1/imports/synth_1/testbench.dcp with file C:/Users/salti/Desktop/Final_Project/RV32M - FPGA/single/Single_FPGA.runs/synth_1/top.dcp
launch_runs synth_1 -jobs 8
[Thu Oct 23 13:06:15 2025] Launched synth_1...
Run output will be captured here: C:/Users/salti/Desktop/Final_Project/RV32M - FPGA/single/Single_FPGA.runs/synth_1/runme.log
launch_runs impl_1 -jobs 8
[Thu Oct 23 13:08:37 2025] Launched impl_1...
Run output will be captured here: C:/Users/salti/Desktop/Final_Project/RV32M - FPGA/single/Single_FPGA.runs/impl_1/runme.log
open_run impl_1
INFO: [Device 21-403] Loading part xc7a100tcsg324-1
Netlist sorting complete. Time (s): cpu = 00:00:00 ; elapsed = 00:00:00.053 . Memory (MB): peak = 1427.582 ; gain = 0.000
INFO: [Netlist 29-17] Analyzing 1390 Unisim elements for replacement
INFO: [Netlist 29-28] Unisim Transformation completed in 0 CPU seconds
INFO: [Project 1-479] Netlist was created with Vivado 2024.2
INFO: [Project 1-570] Preparing netlist for logic optimization
Read ShapeDB Complete: Time (s): cpu = 00:00:00 ; elapsed = 00:00:00.028 . Memory (MB): peak = 1523.449 ; gain = 2.285
INFO: [Timing 38-478] Restoring timing data from binary archive.
INFO: [Timing 38-479] Binary timing data restore complete.
INFO: [Project 1-856] Restoring constraints from binary archive.
INFO: [Project 1-853] Binary constraint restore complete.
INFO: [Designutils 20-5722] Start Reading Physical Databases.
Reading placement.
Read Netlist Cache: Time (s): cpu = 00:00:00 ; elapsed = 00:00:00.011 . Memory (MB): peak = 2129.191 ; gain = 0.000
Reading placer database...
Read Device Cache: Time (s): cpu = 00:00:00 ; elapsed = 00:00:00.009 . Memory (MB): peak = 2129.191 ; gain = 0.000
Read PlaceDB: Time (s): cpu = 00:00:00 ; elapsed = 00:00:00.286 . Memory (MB): peak = 2129.191 ; gain = 0.000
Read PulsedLatchDB: Time (s): cpu = 00:00:00 ; elapsed = 00:00:00 . Memory (MB): peak = 2129.191 ; gain = 0.000
Reading routing.
Read RouteStorage: Time (s): cpu = 00:00:00 ; elapsed = 00:00:00.106 . Memory (MB): peak = 2129.191 ; gain = 0.000
Read Physdb Files: Time (s): cpu = 00:00:00 ; elapsed = 00:00:00.428 . Memory (MB): peak = 2129.191 ; gain = 0.000
Restored from archive | CPU: 0.000000 secs | Memory: 0.000000 MB |
Finished XDEF File Restore: Time (s): cpu = 00:00:00 ; elapsed = 00:00:00.430 . Memory (MB): peak = 2129.191 ; gain = 0.000
Netlist sorting complete. Time (s): cpu = 00:00:00 ; elapsed = 00:00:00.001 . Memory (MB): peak = 2129.191 ; gain = 0.000
INFO: [Project 1-111] Unisim Transformation Summary:
  A total of 46 instances were transformed.
  RAM32M => RAM32M (RAMD32(x6), RAMS32(x2)): 10 instances
  RAM32X1D => RAM32X1D (RAMD32(x2)): 4 instances
  RAM64X1S => RAM64X1S (RAMS64E): 32 instances

open_run: Time (s): cpu = 00:00:29 ; elapsed = 00:00:21 . Memory (MB): peak = 2465.887 ; gain = 1216.691
reset_run synth_1
INFO: [Project 1-1161] Replacing file C:/Users/salti/Desktop/Final_Project/RV32M - FPGA/single/Single_FPGA.srcs/utils_1/imports/synth_1/testbench.dcp with file C:/Users/salti/Desktop/Final_Project/RV32M - FPGA/single/Single_FPGA.runs/synth_1/top.dcp
launch_runs synth_1 -jobs 8
[Tue Oct 28 11:15:11 2025] Launched synth_1...
Run output will be captured here: C:/Users/salti/Desktop/Final_Project/RV32M - FPGA/single/Single_FPGA.runs/synth_1/runme.log
launch_runs impl_1 -jobs 8
[Tue Oct 28 11:16:48 2025] Launched impl_1...
Run output will be captured here: C:/Users/salti/Desktop/Final_Project/RV32M - FPGA/single/Single_FPGA.runs/impl_1/runme.log
launch_runs impl_1 -to_step write_bitstream -jobs 8
[Tue Oct 28 11:17:53 2025] Launched impl_1...
Run output will be captured here: C:/Users/salti/Desktop/Final_Project/RV32M - FPGA/single/Single_FPGA.runs/impl_1/runme.log
open_hw_manager
connect_hw_server -allow_non_jtag
INFO: [Labtools 27-2285] Connecting to hw_server url TCP:localhost:3121
INFO: [Labtools 27-2222] Launching hw_server...
INFO: [Labtools 27-2221] Launch Output:

****** Xilinx hw_server v2024.2
  **** Build date : Oct 29 2024 at 10:25:41
    ** Copyright 1986-2022 Xilinx, Inc. All Rights Reserved.


INFO: [Labtools 27-3415] Connecting to cs_server url TCP:localhost:0
INFO: [Labtools 27-3417] Launching cs_server...
INFO: [Labtools 27-2221] Launch Output:


******** Xilinx cs_server v2024.2.0
  ****** Build date   : Oct 30 2024-20:19:07
    **** Build number : 2024.2.1730312347
      ** Copyright 2017-2022 Xilinx, Inc. All Rights Reserved.
      ** Copyright 2022-2025 Advanced Micro Devices, Inc. All Rights Reserved.



connect_hw_server: Time (s): cpu = 00:00:00 ; elapsed = 00:00:06 . Memory (MB): peak = 2638.051 ; gain = 0.000
open_hw_target
INFO: [Labtoolstcl 44-466] Opening hw_target localhost:3121/xilinx_tcf/Digilent/210292BD6C06A
set_property PROGRAM.FILE {C:/Users/salti/Desktop/Final_Project/RV32M - FPGA/single/Single_FPGA.runs/impl_1/top.bit} [get_hw_devices xc7a100t_0]
current_hw_device [get_hw_devices xc7a100t_0]
refresh_hw_device -update_hw_probes false [lindex [get_hw_devices xc7a100t_0] 0]
INFO: [Labtools 27-1434] Device xc7a100t (JTAG device index = 0) is programmed with a design that has no supported debug core(s) in it.
set_property PROBES.FILE {} [get_hw_devices xc7a100t_0]
set_property FULL_PROBES.FILE {} [get_hw_devices xc7a100t_0]
set_property PROGRAM.FILE {C:/Users/salti/Desktop/Final_Project/RV32M - FPGA/single/Single_FPGA.runs/impl_1/top.bit} [get_hw_devices xc7a100t_0]
program_hw_devices [get_hw_devices xc7a100t_0]
INFO: [Labtools 27-3164] End of startup status: HIGH
refresh_hw_device [lindex [get_hw_devices xc7a100t_0] 0]
INFO: [Labtools 27-1434] Device xc7a100t (JTAG device index = 0) is programmed with a design that has no supported debug core(s) in it.
close_hw_manager
reset_run impl_1 -prev_step 
launch_runs impl_1 -to_step write_bitstream -jobs 8
[Tue Oct 28 11:21:35 2025] Launched impl_1...
Run output will be captured here: C:/Users/salti/Desktop/Final_Project/RV32M - FPGA/single/Single_FPGA.runs/impl_1/runme.log
open_hw_manager
connect_hw_server -allow_non_jtag
INFO: [Labtools 27-2285] Connecting to hw_server url TCP:localhost:3121
INFO: [Labtools 27-2222] Launching hw_server...
INFO: [Labtools 27-2221] Launch Output:

****** Xilinx hw_server v2024.2
  **** Build date : Oct 29 2024 at 10:25:41
    ** Copyright 1986-2022 Xilinx, Inc. All Rights Reserved.


INFO: [Labtools 27-3415] Connecting to cs_server url TCP:localhost:0
INFO: [Labtools 27-3417] Launching cs_server...
INFO: [Labtools 27-2221] Launch Output:


******** Xilinx cs_server v2024.2.0
  ****** Build date   : Oct 30 2024-20:19:07
    **** Build number : 2024.2.1730312347
      ** Copyright 2017-2022 Xilinx, Inc. All Rights Reserved.
      ** Copyright 2022-2025 Advanced Micro Devices, Inc. All Rights Reserved.



open_hw_target
INFO: [Labtoolstcl 44-466] Opening hw_target localhost:3121/xilinx_tcf/Digilent/210292BD6C06A
set_property PROGRAM.FILE {C:/Users/salti/Desktop/Final_Project/RV32M - FPGA/single/Single_FPGA.runs/impl_1/top.bit} [get_hw_devices xc7a100t_0]
current_hw_device [get_hw_devices xc7a100t_0]
refresh_hw_device -update_hw_probes false [lindex [get_hw_devices xc7a100t_0] 0]
INFO: [Labtools 27-1434] Device xc7a100t (JTAG device index = 0) is programmed with a design that has no supported debug core(s) in it.
refresh_hw_device [lindex [get_hw_devices xc7a100t_0] 0]
INFO: [Labtools 27-1434] Device xc7a100t (JTAG device index = 0) is programmed with a design that has no supported debug core(s) in it.
set_property PROBES.FILE {} [get_hw_devices xc7a100t_0]
set_property FULL_PROBES.FILE {} [get_hw_devices xc7a100t_0]
set_property PROGRAM.FILE {C:/Users/salti/Desktop/Final_Project/RV32M - FPGA/single/Single_FPGA.runs/impl_1/top.bit} [get_hw_devices xc7a100t_0]
program_hw_devices [get_hw_devices xc7a100t_0]
INFO: [Labtools 27-3164] End of startup status: HIGH
refresh_hw_device [lindex [get_hw_devices xc7a100t_0] 0]
INFO: [Labtools 27-1434] Device xc7a100t (JTAG device index = 0) is programmed with a design that has no supported debug core(s) in it.
reset_run synth_1
INFO: [Project 1-1161] Replacing file C:/Users/salti/Desktop/Final_Project/RV32M - FPGA/single/Single_FPGA.srcs/utils_1/imports/synth_1/testbench.dcp with file C:/Users/salti/Desktop/Final_Project/RV32M - FPGA/single/Single_FPGA.runs/synth_1/top.dcp
launch_runs synth_1 -jobs 8
[Tue Oct 28 11:24:07 2025] Launched synth_1...
Run output will be captured here: C:/Users/salti/Desktop/Final_Project/RV32M - FPGA/single/Single_FPGA.runs/synth_1/runme.log
launch_runs impl_1 -jobs 8
[Tue Oct 28 11:24:41 2025] Launched impl_1...
Run output will be captured here: C:/Users/salti/Desktop/Final_Project/RV32M - FPGA/single/Single_FPGA.runs/impl_1/runme.log
launch_runs impl_1 -to_step write_bitstream -jobs 8
[Tue Oct 28 11:25:47 2025] Launched impl_1...
Run output will be captured here: C:/Users/salti/Desktop/Final_Project/RV32M - FPGA/single/Single_FPGA.runs/impl_1/runme.log
refresh_hw_device [lindex [get_hw_devices xc7a100t_0] 0]
INFO: [Labtools 27-1434] Device xc7a100t (JTAG device index = 0) is programmed with a design that has no supported debug core(s) in it.
set_property PROBES.FILE {} [get_hw_devices xc7a100t_0]
set_property FULL_PROBES.FILE {} [get_hw_devices xc7a100t_0]
set_property PROGRAM.FILE {C:/Users/salti/Desktop/Final_Project/RV32M - FPGA/single/Single_FPGA.runs/impl_1/top.bit} [get_hw_devices xc7a100t_0]
program_hw_devices [get_hw_devices xc7a100t_0]
INFO: [Labtools 27-3164] End of startup status: HIGH
refresh_hw_device [lindex [get_hw_devices xc7a100t_0] 0]
INFO: [Labtools 27-1434] Device xc7a100t (JTAG device index = 0) is programmed with a design that has no supported debug core(s) in it.
reset_run synth_1
INFO: [Project 1-1161] Replacing file C:/Users/salti/Desktop/Final_Project/RV32M - FPGA/single/Single_FPGA.srcs/utils_1/imports/synth_1/testbench.dcp with file C:/Users/salti/Desktop/Final_Project/RV32M - FPGA/single/Single_FPGA.runs/synth_1/top.dcp
launch_runs synth_1 -jobs 8
[Tue Oct 28 11:28:23 2025] Launched synth_1...
Run output will be captured here: C:/Users/salti/Desktop/Final_Project/RV32M - FPGA/single/Single_FPGA.runs/synth_1/runme.log
launch_runs impl_1 -jobs 8
[Tue Oct 28 11:29:27 2025] Launched impl_1...
Run output will be captured here: C:/Users/salti/Desktop/Final_Project/RV32M - FPGA/single/Single_FPGA.runs/impl_1/runme.log
launch_runs impl_1 -to_step write_bitstream -jobs 8
[Tue Oct 28 11:30:53 2025] Launched impl_1...
Run output will be captured here: C:/Users/salti/Desktop/Final_Project/RV32M - FPGA/single/Single_FPGA.runs/impl_1/runme.log
refresh_hw_device [lindex [get_hw_devices xc7a100t_0] 0]
INFO: [Labtools 27-1434] Device xc7a100t (JTAG device index = 0) is programmed with a design that has no supported debug core(s) in it.
set_property PROBES.FILE {} [get_hw_devices xc7a100t_0]
set_property FULL_PROBES.FILE {} [get_hw_devices xc7a100t_0]
set_property PROGRAM.FILE {C:/Users/salti/Desktop/Final_Project/RV32M - FPGA/single/Single_FPGA.runs/impl_1/top.bit} [get_hw_devices xc7a100t_0]
program_hw_devices [get_hw_devices xc7a100t_0]
INFO: [Labtools 27-3164] End of startup status: HIGH
refresh_hw_device [lindex [get_hw_devices xc7a100t_0] 0]
INFO: [Labtools 27-1434] Device xc7a100t (JTAG device index = 0) is programmed with a design that has no supported debug core(s) in it.
reset_run synth_1
INFO: [Project 1-1161] Replacing file C:/Users/salti/Desktop/Final_Project/RV32M - FPGA/single/Single_FPGA.srcs/utils_1/imports/synth_1/testbench.dcp with file C:/Users/salti/Desktop/Final_Project/RV32M - FPGA/single/Single_FPGA.runs/synth_1/top.dcp
launch_runs synth_1 -jobs 8
[Tue Oct 28 11:32:08 2025] Launched synth_1...
Run output will be captured here: C:/Users/salti/Desktop/Final_Project/RV32M - FPGA/single/Single_FPGA.runs/synth_1/runme.log
launch_runs impl_1 -jobs 8
[Tue Oct 28 11:33:09 2025] Launched impl_1...
Run output will be captured here: C:/Users/salti/Desktop/Final_Project/RV32M - FPGA/single/Single_FPGA.runs/impl_1/runme.log
launch_runs impl_1 -to_step write_bitstream -jobs 8
[Tue Oct 28 11:34:40 2025] Launched impl_1...
Run output will be captured here: C:/Users/salti/Desktop/Final_Project/RV32M - FPGA/single/Single_FPGA.runs/impl_1/runme.log
refresh_hw_device [lindex [get_hw_devices xc7a100t_0] 0]
INFO: [Labtools 27-1434] Device xc7a100t (JTAG device index = 0) is programmed with a design that has no supported debug core(s) in it.
set_property PROBES.FILE {} [get_hw_devices xc7a100t_0]
set_property FULL_PROBES.FILE {} [get_hw_devices xc7a100t_0]
set_property PROGRAM.FILE {C:/Users/salti/Desktop/Final_Project/RV32M - FPGA/single/Single_FPGA.runs/impl_1/top.bit} [get_hw_devices xc7a100t_0]
program_hw_devices [get_hw_devices xc7a100t_0]
INFO: [Labtools 27-3164] End of startup status: HIGH
refresh_hw_device [lindex [get_hw_devices xc7a100t_0] 0]
INFO: [Labtools 27-1434] Device xc7a100t (JTAG device index = 0) is programmed with a design that has no supported debug core(s) in it.
ERROR: [Labtoolstcl 44-513] HW Target shutdown. Closing target: localhost:3121/xilinx_tcf/Digilent/210292BD6C06A
INFO: [Labtoolstcl 44-466] Opening hw_target localhost:3121/xilinx_tcf/Digilent/210292BD6C06A
INFO: [Labtools 27-1435] Device xc7a100t (JTAG device index = 0) is not programmed (DONE status = 0).
WARNING: [Labtoolstcl 44-129] No matching hw_ila_data was found.
refresh_hw_device [lindex [get_hw_devices xc7a100t_0] 0]
INFO: [Labtools 27-1435] Device xc7a100t (JTAG device index = 0) is not programmed (DONE status = 0).
set_property PROBES.FILE {} [get_hw_devices xc7a100t_0]
set_property FULL_PROBES.FILE {} [get_hw_devices xc7a100t_0]
set_property PROGRAM.FILE {C:/Users/salti/Desktop/Final_Project/RV32M - FPGA/single/Single_FPGA.runs/impl_1/top.bit} [get_hw_devices xc7a100t_0]
program_hw_devices [get_hw_devices xc7a100t_0]
INFO: [Labtools 27-3164] End of startup status: HIGH
refresh_hw_device [lindex [get_hw_devices xc7a100t_0] 0]
INFO: [Labtools 27-1434] Device xc7a100t (JTAG device index = 0) is programmed with a design that has no supported debug core(s) in it.
reset_run synth_1
INFO: [Project 1-1161] Replacing file C:/Users/salti/Desktop/Final_Project/RV32M - FPGA/single/Single_FPGA.srcs/utils_1/imports/synth_1/testbench.dcp with file C:/Users/salti/Desktop/Final_Project/RV32M - FPGA/single/Single_FPGA.runs/synth_1/top.dcp
launch_runs synth_1 -jobs 8
[Tue Oct 28 18:30:21 2025] Launched synth_1...
Run output will be captured here: C:/Users/salti/Desktop/Final_Project/RV32M - FPGA/single/Single_FPGA.runs/synth_1/runme.log
close_hw_manager
reset_run synth_1
WARNING: [Vivado 12-1017] Problems encountered:
1. Failed to delete one or more files in run directory C:/Users/salti/Desktop/Final_Project/RV32M - FPGA/single/Single_FPGA.runs/synth_1

launch_runs synth_1 -jobs 8
[Tue Oct 28 18:31:08 2025] Launched synth_1...
Run output will be captured here: C:/Users/salti/Desktop/Final_Project/RV32M - FPGA/single/Single_FPGA.runs/synth_1/runme.log
launch_runs impl_1 -jobs 8
[Tue Oct 28 18:32:04 2025] Launched impl_1...
Run output will be captured here: C:/Users/salti/Desktop/Final_Project/RV32M - FPGA/single/Single_FPGA.runs/impl_1/runme.log
launch_runs impl_1 -to_step write_bitstream -jobs 8
[Tue Oct 28 18:33:15 2025] Launched impl_1...
Run output will be captured here: C:/Users/salti/Desktop/Final_Project/RV32M - FPGA/single/Single_FPGA.runs/impl_1/runme.log
open_hw_manager
connect_hw_server -allow_non_jtag
INFO: [Labtools 27-2285] Connecting to hw_server url TCP:localhost:3121
INFO: [Labtools 27-2222] Launching hw_server...
INFO: [Labtools 27-2221] Launch Output:

****** Xilinx hw_server v2024.2
  **** Build date : Oct 29 2024 at 10:25:41
    ** Copyright 1986-2022 Xilinx, Inc. All Rights Reserved.


INFO: [Labtools 27-3415] Connecting to cs_server url TCP:localhost:0
INFO: [Labtools 27-3417] Launching cs_server...
INFO: [Labtools 27-2221] Launch Output:


******** Xilinx cs_server v2024.2.0
  ****** Build date   : Oct 30 2024-20:19:07
    **** Build number : 2024.2.1730312347
      ** Copyright 2017-2022 Xilinx, Inc. All Rights Reserved.
      ** Copyright 2022-2025 Advanced Micro Devices, Inc. All Rights Reserved.



connect_hw_server: Time (s): cpu = 00:00:00 ; elapsed = 00:00:05 . Memory (MB): peak = 2663.105 ; gain = 0.000
open_hw_target
INFO: [Labtoolstcl 44-466] Opening hw_target localhost:3121/xilinx_tcf/Digilent/210292BD6C06A
set_property PROGRAM.FILE {C:/Users/salti/Desktop/Final_Project/RV32M - FPGA/single/Single_FPGA.runs/impl_1/top.bit} [get_hw_devices xc7a100t_0]
current_hw_device [get_hw_devices xc7a100t_0]
refresh_hw_device -update_hw_probes false [lindex [get_hw_devices xc7a100t_0] 0]
INFO: [Labtools 27-1434] Device xc7a100t (JTAG device index = 0) is programmed with a design that has no supported debug core(s) in it.
refresh_hw_device [lindex [get_hw_devices xc7a100t_0] 0]
INFO: [Labtools 27-1434] Device xc7a100t (JTAG device index = 0) is programmed with a design that has no supported debug core(s) in it.
set_property PROBES.FILE {} [get_hw_devices xc7a100t_0]
set_property FULL_PROBES.FILE {} [get_hw_devices xc7a100t_0]
set_property PROGRAM.FILE {C:/Users/salti/Desktop/Final_Project/RV32M - FPGA/single/Single_FPGA.runs/impl_1/top.bit} [get_hw_devices xc7a100t_0]
program_hw_devices [get_hw_devices xc7a100t_0]
INFO: [Labtools 27-3164] End of startup status: HIGH
refresh_hw_device [lindex [get_hw_devices xc7a100t_0] 0]
INFO: [Labtools 27-1434] Device xc7a100t (JTAG device index = 0) is programmed with a design that has no supported debug core(s) in it.
close_hw_manager
reset_run synth_1
INFO: [Project 1-1161] Replacing file C:/Users/salti/Desktop/Final_Project/RV32M - FPGA/single/Single_FPGA.srcs/utils_1/imports/synth_1/testbench.dcp with file C:/Users/salti/Desktop/Final_Project/RV32M - FPGA/single/Single_FPGA.runs/synth_1/top.dcp
launch_runs synth_1 -jobs 8
[Tue Oct 28 18:38:48 2025] Launched synth_1...
Run output will be captured here: C:/Users/salti/Desktop/Final_Project/RV32M - FPGA/single/Single_FPGA.runs/synth_1/runme.log
close_design
open_run synth_1 -name synth_1
Design is defaulting to impl run constrset: constrs_1
Design is defaulting to synth run part: xc7a100tcsg324-1
Netlist sorting complete. Time (s): cpu = 00:00:00 ; elapsed = 00:00:00.032 . Memory (MB): peak = 2663.328 ; gain = 0.000
INFO: [Netlist 29-17] Analyzing 1390 Unisim elements for replacement
INFO: [Netlist 29-28] Unisim Transformation completed in 0 CPU seconds
INFO: [Project 1-479] Netlist was created with Vivado 2024.2
INFO: [Project 1-570] Preparing netlist for logic optimization
Parsing XDC File [C:/Users/salti/Desktop/Final_Project/RV32M - FPGA/single/Nexys-A7-100T-Master.xdc]
WARNING: [Vivado 12-180] No cells matched 'rvsingle/dp/pcreg/DataAdr_OBUF[1]_inst_i_6'. [C:/Users/salti/Desktop/Final_Project/RV32M - FPGA/single/Nexys-A7-100T-Master.xdc:217]
CRITICAL WARNING: [Common 17-55] 'set_property' expects at least one object. [C:/Users/salti/Desktop/Final_Project/RV32M - FPGA/single/Nexys-A7-100T-Master.xdc:217]
Resolution: If [get_<value>] was used to populate the object, check to make sure this command returns at least one valid object.
Finished Parsing XDC File [C:/Users/salti/Desktop/Final_Project/RV32M - FPGA/single/Nexys-A7-100T-Master.xdc]
INFO: [Opt 31-138] Pushed 0 inverter(s) to 0 load pin(s).
Netlist sorting complete. Time (s): cpu = 00:00:00 ; elapsed = 00:00:00.001 . Memory (MB): peak = 2663.328 ; gain = 0.000
INFO: [Project 1-111] Unisim Transformation Summary:
  A total of 46 instances were transformed.
  RAM32M => RAM32M (RAMD32(x6), RAMS32(x2)): 10 instances
  RAM32X1D => RAM32X1D (RAMD32(x2)): 4 instances
  RAM64X1S => RAM64X1S (RAMS64E): 32 instances

launch_runs impl_1 -jobs 8
INFO: [Timing 38-480] Writing timing data to binary archive.
Wrote PlaceDB: Time (s): cpu = 00:00:00 ; elapsed = 00:00:00.001 . Memory (MB): peak = 2663.328 ; gain = 0.000
Wrote PulsedLatchDB: Time (s): cpu = 00:00:00 ; elapsed = 00:00:00 . Memory (MB): peak = 2663.328 ; gain = 0.000
Writing XDEF routing.
Write ShapeDB Complete: Time (s): cpu = 00:00:00 ; elapsed = 00:00:00.013 . Memory (MB): peak = 2663.328 ; gain = 0.000
Writing XDEF routing logical nets.
Writing XDEF routing special nets.
Wrote RouteStorage: Time (s): cpu = 00:00:00 ; elapsed = 00:00:00.023 . Memory (MB): peak = 2663.328 ; gain = 0.000
Wrote Netlist Cache: Time (s): cpu = 00:00:00 ; elapsed = 00:00:00 . Memory (MB): peak = 2663.328 ; gain = 0.000
Wrote Device Cache: Time (s): cpu = 00:00:00 ; elapsed = 00:00:00.004 . Memory (MB): peak = 2663.328 ; gain = 0.000
Write Physdb Complete: Time (s): cpu = 00:00:00 ; elapsed = 00:00:00.031 . Memory (MB): peak = 2663.328 ; gain = 0.000
[Tue Oct 28 18:40:04 2025] Launched impl_1...
Run output will be captured here: C:/Users/salti/Desktop/Final_Project/RV32M - FPGA/single/Single_FPGA.runs/impl_1/runme.log
launch_runs impl_1 -to_step write_bitstream -jobs 8
[Tue Oct 28 18:41:09 2025] Launched impl_1...
Run output will be captured here: C:/Users/salti/Desktop/Final_Project/RV32M - FPGA/single/Single_FPGA.runs/impl_1/runme.log
open_hw_manager
connect_hw_server -allow_non_jtag
INFO: [Labtools 27-2285] Connecting to hw_server url TCP:localhost:3121
INFO: [Labtools 27-2222] Launching hw_server...
INFO: [Labtools 27-2221] Launch Output:

****** Xilinx hw_server v2024.2
  **** Build date : Oct 29 2024 at 10:25:41
    ** Copyright 1986-2022 Xilinx, Inc. All Rights Reserved.


INFO: [Labtools 27-3415] Connecting to cs_server url TCP:localhost:0
INFO: [Labtools 27-3417] Launching cs_server...
INFO: [Labtools 27-2221] Launch Output:


******** Xilinx cs_server v2024.2.0
  ****** Build date   : Oct 30 2024-20:19:07
    **** Build number : 2024.2.1730312347
      ** Copyright 2017-2022 Xilinx, Inc. All Rights Reserved.
      ** Copyright 2022-2025 Advanced Micro Devices, Inc. All Rights Reserved.



connect_hw_server: Time (s): cpu = 00:00:00 ; elapsed = 00:00:05 . Memory (MB): peak = 2663.328 ; gain = 0.000
open_hw_target
INFO: [Labtoolstcl 44-466] Opening hw_target localhost:3121/xilinx_tcf/Digilent/210292BD6C06A
set_property PROGRAM.FILE {C:/Users/salti/Desktop/Final_Project/RV32M - FPGA/single/Single_FPGA.runs/impl_1/top.bit} [get_hw_devices xc7a100t_0]
current_hw_device [get_hw_devices xc7a100t_0]
refresh_hw_device -update_hw_probes false [lindex [get_hw_devices xc7a100t_0] 0]
INFO: [Labtools 27-1434] Device xc7a100t (JTAG device index = 0) is programmed with a design that has no supported debug core(s) in it.
refresh_hw_device [lindex [get_hw_devices xc7a100t_0] 0]
INFO: [Labtools 27-1434] Device xc7a100t (JTAG device index = 0) is programmed with a design that has no supported debug core(s) in it.
set_property PROBES.FILE {} [get_hw_devices xc7a100t_0]
set_property FULL_PROBES.FILE {} [get_hw_devices xc7a100t_0]
set_property PROGRAM.FILE {C:/Users/salti/Desktop/Final_Project/RV32M - FPGA/single/Single_FPGA.runs/impl_1/top.bit} [get_hw_devices xc7a100t_0]
program_hw_devices [get_hw_devices xc7a100t_0]
INFO: [Labtools 27-3164] End of startup status: HIGH
refresh_hw_device [lindex [get_hw_devices xc7a100t_0] 0]
INFO: [Labtools 27-1434] Device xc7a100t (JTAG device index = 0) is programmed with a design that has no supported debug core(s) in it.
ERROR: [Labtoolstcl 44-513] HW Target shutdown. Closing target: localhost:3121/xilinx_tcf/Digilent/210292BD6C06A
reset_run synth_1
INFO: [Project 1-1161] Replacing file C:/Users/salti/Desktop/Final_Project/RV32M - FPGA/single/Single_FPGA.srcs/utils_1/imports/synth_1/testbench.dcp with file C:/Users/salti/Desktop/Final_Project/RV32M - FPGA/single/Single_FPGA.runs/synth_1/top.dcp
launch_runs synth_1 -jobs 8
[Sat Nov  1 09:48:55 2025] Launched synth_1...
Run output will be captured here: C:/Users/salti/Desktop/Final_Project/RV32M - FPGA/single/Single_FPGA.runs/synth_1/runme.log
launch_runs impl_1 -jobs 8
WARNING: [Project 1-478] Design 'synth_1' is stale and will not be used when launching 'impl_1'
[Sat Nov  1 09:50:34 2025] Launched impl_1...
Run output will be captured here: C:/Users/salti/Desktop/Final_Project/RV32M - FPGA/single/Single_FPGA.runs/impl_1/runme.log
INFO: [Labtoolstcl 44-466] Opening hw_target localhost:3121/xilinx_tcf/Digilent/210292BD6C06A
INFO: [Labtools 27-1434] Device xc7a100t (JTAG device index = 0) is programmed with a design that has no supported debug core(s) in it.
WARNING: [Labtoolstcl 44-129] No matching hw_ila_data was found.
launch_runs impl_1 -to_step write_bitstream -jobs 8
[Sat Nov  1 09:52:11 2025] Launched impl_1...
Run output will be captured here: C:/Users/salti/Desktop/Final_Project/RV32M - FPGA/single/Single_FPGA.runs/impl_1/runme.log
refresh_hw_device [lindex [get_hw_devices xc7a100t_0] 0]
INFO: [Labtools 27-1434] Device xc7a100t (JTAG device index = 0) is programmed with a design that has no supported debug core(s) in it.
set_property PROBES.FILE {} [get_hw_devices xc7a100t_0]
set_property FULL_PROBES.FILE {} [get_hw_devices xc7a100t_0]
set_property PROGRAM.FILE {C:/Users/salti/Desktop/Final_Project/RV32M - FPGA/single/Single_FPGA.runs/impl_1/top.bit} [get_hw_devices xc7a100t_0]
program_hw_devices [get_hw_devices xc7a100t_0]
INFO: [Labtools 27-3164] End of startup status: HIGH
refresh_hw_device [lindex [get_hw_devices xc7a100t_0] 0]
INFO: [Labtools 27-1434] Device xc7a100t (JTAG device index = 0) is programmed with a design that has no supported debug core(s) in it.
reset_run synth_1
INFO: [Project 1-1161] Replacing file C:/Users/salti/Desktop/Final_Project/RV32M - FPGA/single/Single_FPGA.srcs/utils_1/imports/synth_1/testbench.dcp with file C:/Users/salti/Desktop/Final_Project/RV32M - FPGA/single/Single_FPGA.runs/synth_1/top.dcp
launch_runs synth_1 -jobs 8
[Sat Nov  1 10:01:53 2025] Launched synth_1...
Run output will be captured here: C:/Users/salti/Desktop/Final_Project/RV32M - FPGA/single/Single_FPGA.runs/synth_1/runme.log
launch_runs impl_1 -jobs 8
WARNING: [Project 1-478] Design 'synth_1' is stale and will not be used when launching 'impl_1'
[Sat Nov  1 10:02:42 2025] Launched impl_1...
Run output will be captured here: C:/Users/salti/Desktop/Final_Project/RV32M - FPGA/single/Single_FPGA.runs/impl_1/runme.log
launch_runs impl_1 -to_step write_bitstream -jobs 8
[Sat Nov  1 10:03:48 2025] Launched impl_1...
Run output will be captured here: C:/Users/salti/Desktop/Final_Project/RV32M - FPGA/single/Single_FPGA.runs/impl_1/runme.log
refresh_hw_device [lindex [get_hw_devices xc7a100t_0] 0]
INFO: [Labtools 27-1434] Device xc7a100t (JTAG device index = 0) is programmed with a design that has no supported debug core(s) in it.
ERROR: [Labtoolstcl 44-513] HW Target shutdown. Closing target: localhost:3121/xilinx_tcf/Digilent/210292BD6C06A
INFO: [Labtoolstcl 44-466] Opening hw_target localhost:3121/xilinx_tcf/Digilent/210292BD6C06A
INFO: [Labtools 27-1435] Device xc7a100t (JTAG device index = 0) is not programmed (DONE status = 0).
WARNING: [Labtoolstcl 44-129] No matching hw_ila_data was found.
refresh_hw_device [lindex [get_hw_devices xc7a100t_0] 0]
INFO: [Labtools 27-1435] Device xc7a100t (JTAG device index = 0) is not programmed (DONE status = 0).
set_property PROBES.FILE {} [get_hw_devices xc7a100t_0]
set_property FULL_PROBES.FILE {} [get_hw_devices xc7a100t_0]
set_property PROGRAM.FILE {C:/Users/salti/Desktop/Final_Project/RV32M - FPGA/single/Single_FPGA.runs/impl_1/top.bit} [get_hw_devices xc7a100t_0]
program_hw_devices [get_hw_devices xc7a100t_0]
INFO: [Labtools 27-3164] End of startup status: HIGH
refresh_hw_device [lindex [get_hw_devices xc7a100t_0] 0]
INFO: [Labtools 27-1434] Device xc7a100t (JTAG device index = 0) is programmed with a design that has no supported debug core(s) in it.
reset_run synth_1
INFO: [Project 1-1161] Replacing file C:/Users/salti/Desktop/Final_Project/RV32M - FPGA/single/Single_FPGA.srcs/utils_1/imports/synth_1/testbench.dcp with file C:/Users/salti/Desktop/Final_Project/RV32M - FPGA/single/Single_FPGA.runs/synth_1/top.dcp
launch_runs synth_1 -jobs 8
[Sat Nov  1 10:08:14 2025] Launched synth_1...
Run output will be captured here: C:/Users/salti/Desktop/Final_Project/RV32M - FPGA/single/Single_FPGA.runs/synth_1/runme.log
launch_runs impl_1 -jobs 8
WARNING: [Project 1-478] Design 'synth_1' is stale and will not be used when launching 'impl_1'
[Sat Nov  1 10:09:09 2025] Launched impl_1...
Run output will be captured here: C:/Users/salti/Desktop/Final_Project/RV32M - FPGA/single/Single_FPGA.runs/impl_1/runme.log
launch_runs impl_1 -to_step write_bitstream -jobs 8
[Sat Nov  1 10:10:43 2025] Launched impl_1...
Run output will be captured here: C:/Users/salti/Desktop/Final_Project/RV32M - FPGA/single/Single_FPGA.runs/impl_1/runme.log
set_property PROBES.FILE {} [get_hw_devices xc7a100t_0]
set_property FULL_PROBES.FILE {} [get_hw_devices xc7a100t_0]
set_property PROGRAM.FILE {C:/Users/salti/Desktop/Final_Project/RV32M - FPGA/single/Single_FPGA.runs/impl_1/top.bit} [get_hw_devices xc7a100t_0]
program_hw_devices [get_hw_devices xc7a100t_0]
INFO: [Labtools 27-3164] End of startup status: HIGH
refresh_hw_device [lindex [get_hw_devices xc7a100t_0] 0]
INFO: [Labtools 27-1434] Device xc7a100t (JTAG device index = 0) is programmed with a design that has no supported debug core(s) in it.
reset_run synth_1
INFO: [Project 1-1161] Replacing file C:/Users/salti/Desktop/Final_Project/RV32M - FPGA/single/Single_FPGA.srcs/utils_1/imports/synth_1/testbench.dcp with file C:/Users/salti/Desktop/Final_Project/RV32M - FPGA/single/Single_FPGA.runs/synth_1/top.dcp
launch_runs synth_1 -jobs 8
[Sat Nov  1 10:14:04 2025] Launched synth_1...
Run output will be captured here: C:/Users/salti/Desktop/Final_Project/RV32M - FPGA/single/Single_FPGA.runs/synth_1/runme.log
ERROR: [Labtoolstcl 44-513] HW Target shutdown. Closing target: localhost:3121/xilinx_tcf/Digilent/210292BD6C06A
INFO: [Labtoolstcl 44-466] Opening hw_target localhost:3121/xilinx_tcf/Digilent/210292BD6C06A
INFO: [Labtools 27-1435] Device xc7a100t (JTAG device index = 0) is not programmed (DONE status = 0).
WARNING: [Labtoolstcl 44-129] No matching hw_ila_data was found.
launch_runs impl_1 -jobs 8
WARNING: [Project 1-478] Design 'synth_1' is stale and will not be used when launching 'impl_1'
[Sat Nov  1 10:15:03 2025] Launched impl_1...
Run output will be captured here: C:/Users/salti/Desktop/Final_Project/RV32M - FPGA/single/Single_FPGA.runs/impl_1/runme.log
refresh_hw_device [lindex [get_hw_devices xc7a100t_0] 0]
INFO: [Labtools 27-1435] Device xc7a100t (JTAG device index = 0) is not programmed (DONE status = 0).
refresh_hw_device [lindex [get_hw_devices xc7a100t_0] 0]
INFO: [Labtools 27-1435] Device xc7a100t (JTAG device index = 0) is not programmed (DONE status = 0).
launch_runs impl_1 -to_step write_bitstream -jobs 8
[Sat Nov  1 10:16:38 2025] Launched impl_1...
Run output will be captured here: C:/Users/salti/Desktop/Final_Project/RV32M - FPGA/single/Single_FPGA.runs/impl_1/runme.log
refresh_hw_device [lindex [get_hw_devices xc7a100t_0] 0]
INFO: [Labtools 27-1435] Device xc7a100t (JTAG device index = 0) is not programmed (DONE status = 0).
set_property PROBES.FILE {} [get_hw_devices xc7a100t_0]
set_property FULL_PROBES.FILE {} [get_hw_devices xc7a100t_0]
set_property PROGRAM.FILE {C:/Users/salti/Desktop/Final_Project/RV32M - FPGA/single/Single_FPGA.runs/impl_1/top.bit} [get_hw_devices xc7a100t_0]
program_hw_devices [get_hw_devices xc7a100t_0]
INFO: [Labtools 27-3164] End of startup status: HIGH
refresh_hw_device [lindex [get_hw_devices xc7a100t_0] 0]
INFO: [Labtools 27-1434] Device xc7a100t (JTAG device index = 0) is programmed with a design that has no supported debug core(s) in it.
reset_run synth_1
INFO: [Project 1-1161] Replacing file C:/Users/salti/Desktop/Final_Project/RV32M - FPGA/single/Single_FPGA.srcs/utils_1/imports/synth_1/testbench.dcp with file C:/Users/salti/Desktop/Final_Project/RV32M - FPGA/single/Single_FPGA.runs/synth_1/top.dcp
launch_runs synth_1 -jobs 8
[Sat Nov  1 10:29:10 2025] Launched synth_1...
Run output will be captured here: C:/Users/salti/Desktop/Final_Project/RV32M - FPGA/single/Single_FPGA.runs/synth_1/runme.log
launch_runs impl_1 -jobs 8
WARNING: [Project 1-478] Design 'synth_1' is stale and will not be used when launching 'impl_1'
[Sat Nov  1 10:33:24 2025] Launched impl_1...
Run output will be captured here: C:/Users/salti/Desktop/Final_Project/RV32M - FPGA/single/Single_FPGA.runs/impl_1/runme.log
launch_runs impl_1 -to_step write_bitstream -jobs 8
[Sat Nov  1 10:35:28 2025] Launched impl_1...
Run output will be captured here: C:/Users/salti/Desktop/Final_Project/RV32M - FPGA/single/Single_FPGA.runs/impl_1/runme.log
refresh_hw_device [lindex [get_hw_devices xc7a100t_0] 0]
INFO: [Labtools 27-1434] Device xc7a100t (JTAG device index = 0) is programmed with a design that has no supported debug core(s) in it.
set_property PROBES.FILE {} [get_hw_devices xc7a100t_0]
set_property FULL_PROBES.FILE {} [get_hw_devices xc7a100t_0]
set_property PROGRAM.FILE {C:/Users/salti/Desktop/Final_Project/RV32M - FPGA/single/Single_FPGA.runs/impl_1/top.bit} [get_hw_devices xc7a100t_0]
program_hw_devices [get_hw_devices xc7a100t_0]
INFO: [Labtools 27-3164] End of startup status: HIGH
refresh_hw_device [lindex [get_hw_devices xc7a100t_0] 0]
INFO: [Labtools 27-1434] Device xc7a100t (JTAG device index = 0) is programmed with a design that has no supported debug core(s) in it.
ERROR: [Labtoolstcl 44-513] HW Target shutdown. Closing target: localhost:3121/xilinx_tcf/Digilent/210292BD6C06A
INFO: [Labtoolstcl 44-466] Opening hw_target localhost:3121/xilinx_tcf/Digilent/210292BD6C06A
INFO: [Labtools 27-1435] Device xc7a100t (JTAG device index = 0) is not programmed (DONE status = 0).
WARNING: [Labtoolstcl 44-129] No matching hw_ila_data was found.
ERROR: [Labtoolstcl 44-513] HW Target shutdown. Closing target: localhost:3121/xilinx_tcf/Digilent/210292BD6C06A
exit
INFO: [Common 17-206] Exiting Vivado at Sat Nov  8 12:07:40 2025...
