Analysis & Synthesis report for RiscVsingle_tb
Sat Sep  6 10:35:19 2025
Quartus Prime Version 23.1std.1 Build 993 05/14/2024 SC Lite Edition


---------------------
; Table of Contents ;
---------------------
  1. Legal Notice
  2. Analysis & Synthesis Summary
  3. Analysis & Synthesis Settings
  4. Parallel Compilation
  5. Analysis & Synthesis Messages
  6. Analysis & Synthesis Suppressed Messages



----------------
; Legal Notice ;
----------------
Copyright (C) 2024  Intel Corporation. All rights reserved.
Your use of Intel Corporation's design tools, logic functions 
and other software and tools, and any partner logic 
functions, and any output files from any of the foregoing 
(including device programming or simulation files), and any 
associated documentation or information are expressly subject 
to the terms and conditions of the Intel Program License 
Subscription Agreement, the Intel Quartus Prime License Agreement,
the Intel FPGA IP License Agreement, or other applicable license
agreement, including, without limitation, that your use is for
the sole purpose of programming logic devices manufactured by
Intel and sold by Intel or its authorized distributors.  Please
refer to the applicable agreement for further details, at
https://fpgasoftware.intel.com/eula.



+-------------------------------------------------------------------------------------+
; Analysis & Synthesis Summary                                                        ;
+------------------------------------+------------------------------------------------+
; Analysis & Synthesis Status        ; Failed - Sat Sep  6 10:35:19 2025              ;
; Quartus Prime Version              ; 23.1std.1 Build 993 05/14/2024 SC Lite Edition ;
; Revision Name                      ; RiscVsingle_tb                                 ;
; Top-level Entity Name              ; RiscVsingle_tb                                 ;
; Family                             ; MAX 10                                         ;
; Total logic elements               ; N/A until Partition Merge                      ;
;     Total combinational functions  ; N/A until Partition Merge                      ;
;     Dedicated logic registers      ; N/A until Partition Merge                      ;
; Total registers                    ; N/A until Partition Merge                      ;
; Total pins                         ; N/A until Partition Merge                      ;
; Total virtual pins                 ; N/A until Partition Merge                      ;
; Total memory bits                  ; N/A until Partition Merge                      ;
; Embedded Multiplier 9-bit elements ; N/A until Partition Merge                      ;
; Total PLLs                         ; N/A until Partition Merge                      ;
; UFM blocks                         ; N/A until Partition Merge                      ;
; ADC blocks                         ; N/A until Partition Merge                      ;
+------------------------------------+------------------------------------------------+


+------------------------------------------------------------------------------------------------------------+
; Analysis & Synthesis Settings                                                                              ;
+------------------------------------------------------------------+--------------------+--------------------+
; Option                                                           ; Setting            ; Default Value      ;
+------------------------------------------------------------------+--------------------+--------------------+
; Device                                                           ; 10M08DAF484C8G     ;                    ;
; Top-level entity name                                            ; RiscVsingle_tb     ; RiscVsingle_tb     ;
; Family name                                                      ; MAX 10             ; Cyclone V          ;
; Use smart compilation                                            ; Off                ; Off                ;
; Enable parallel Assembler and Timing Analyzer during compilation ; On                 ; On                 ;
; Enable compact report table                                      ; Off                ; Off                ;
; Restructure Multiplexers                                         ; Auto               ; Auto               ;
; Create Debugging Nodes for IP Cores                              ; Off                ; Off                ;
; Preserve fewer node names                                        ; On                 ; On                 ;
; Intel FPGA IP Evaluation Mode                                    ; Enable             ; Enable             ;
; Verilog Version                                                  ; Verilog_2001       ; Verilog_2001       ;
; VHDL Version                                                     ; VHDL_1993          ; VHDL_1993          ;
; State Machine Processing                                         ; Auto               ; Auto               ;
; Safe State Machine                                               ; Off                ; Off                ;
; Extract Verilog State Machines                                   ; On                 ; On                 ;
; Extract VHDL State Machines                                      ; On                 ; On                 ;
; Ignore Verilog initial constructs                                ; Off                ; Off                ;
; Iteration limit for constant Verilog loops                       ; 5000               ; 5000               ;
; Iteration limit for non-constant Verilog loops                   ; 250                ; 250                ;
; Add Pass-Through Logic to Inferred RAMs                          ; On                 ; On                 ;
; Infer RAMs from Raw Logic                                        ; On                 ; On                 ;
; Parallel Synthesis                                               ; On                 ; On                 ;
; DSP Block Balancing                                              ; Auto               ; Auto               ;
; NOT Gate Push-Back                                               ; On                 ; On                 ;
; Power-Up Don't Care                                              ; On                 ; On                 ;
; Remove Redundant Logic Cells                                     ; Off                ; Off                ;
; Remove Duplicate Registers                                       ; On                 ; On                 ;
; Ignore CARRY Buffers                                             ; Off                ; Off                ;
; Ignore CASCADE Buffers                                           ; Off                ; Off                ;
; Ignore GLOBAL Buffers                                            ; Off                ; Off                ;
; Ignore ROW GLOBAL Buffers                                        ; Off                ; Off                ;
; Ignore LCELL Buffers                                             ; Off                ; Off                ;
; Ignore SOFT Buffers                                              ; On                 ; On                 ;
; Limit AHDL Integers to 32 Bits                                   ; Off                ; Off                ;
; Optimization Technique                                           ; Balanced           ; Balanced           ;
; Carry Chain Length                                               ; 70                 ; 70                 ;
; Auto Carry Chains                                                ; On                 ; On                 ;
; Auto Open-Drain Pins                                             ; On                 ; On                 ;
; Perform WYSIWYG Primitive Resynthesis                            ; Off                ; Off                ;
; Auto ROM Replacement                                             ; On                 ; On                 ;
; Auto RAM Replacement                                             ; On                 ; On                 ;
; Auto DSP Block Replacement                                       ; On                 ; On                 ;
; Auto Shift Register Replacement                                  ; Auto               ; Auto               ;
; Allow Shift Register Merging across Hierarchies                  ; Auto               ; Auto               ;
; Auto Clock Enable Replacement                                    ; On                 ; On                 ;
; Strict RAM Replacement                                           ; Off                ; Off                ;
; Allow Synchronous Control Signals                                ; On                 ; On                 ;
; Force Use of Synchronous Clear Signals                           ; Off                ; Off                ;
; Auto RAM Block Balancing                                         ; On                 ; On                 ;
; Auto RAM to Logic Cell Conversion                                ; Off                ; Off                ;
; Auto Resource Sharing                                            ; Off                ; Off                ;
; Allow Any RAM Size For Recognition                               ; Off                ; Off                ;
; Allow Any ROM Size For Recognition                               ; Off                ; Off                ;
; Allow Any Shift Register Size For Recognition                    ; Off                ; Off                ;
; Use LogicLock Constraints during Resource Balancing              ; On                 ; On                 ;
; Ignore translate_off and synthesis_off directives                ; Off                ; Off                ;
; Timing-Driven Synthesis                                          ; On                 ; On                 ;
; Report Parameter Settings                                        ; On                 ; On                 ;
; Report Source Assignments                                        ; On                 ; On                 ;
; Report Connectivity Checks                                       ; On                 ; On                 ;
; Ignore Maximum Fan-Out Assignments                               ; Off                ; Off                ;
; Synchronization Register Chain Length                            ; 2                  ; 2                  ;
; Power Optimization During Synthesis                              ; Normal compilation ; Normal compilation ;
; HDL message level                                                ; Level2             ; Level2             ;
; Suppress Register Optimization Related Messages                  ; Off                ; Off                ;
; Number of Removed Registers Reported in Synthesis Report         ; 5000               ; 5000               ;
; Number of Swept Nodes Reported in Synthesis Report               ; 5000               ; 5000               ;
; Number of Inverted Registers Reported in Synthesis Report        ; 100                ; 100                ;
; Clock MUX Protection                                             ; On                 ; On                 ;
; Auto Gated Clock Conversion                                      ; Off                ; Off                ;
; Block Design Naming                                              ; Auto               ; Auto               ;
; SDC constraint protection                                        ; Off                ; Off                ;
; Synthesis Effort                                                 ; Auto               ; Auto               ;
; Shift Register Replacement - Allow Asynchronous Clear Signal     ; On                 ; On                 ;
; Pre-Mapping Resynthesis Optimization                             ; Off                ; Off                ;
; Analysis & Synthesis Message Level                               ; Medium             ; Medium             ;
; Disable Register Merging Across Hierarchies                      ; Auto               ; Auto               ;
; Resource Aware Inference For Block RAM                           ; On                 ; On                 ;
+------------------------------------------------------------------+--------------------+--------------------+


+------------------------------------------+
; Parallel Compilation                     ;
+----------------------------+-------------+
; Processors                 ; Number      ;
+----------------------------+-------------+
; Number detected on machine ; 12          ;
; Maximum allowed            ; 10          ;
;                            ;             ;
; Average used               ; 1.00        ;
; Maximum used               ; 1           ;
;                            ;             ;
; Usage by Processor         ; % Time Used ;
;     Processor 1            ; 100.0%      ;
+----------------------------+-------------+


+-------------------------------+
; Analysis & Synthesis Messages ;
+-------------------------------+
Info: *******************************************************************
Info: Running Quartus Prime Analysis & Synthesis
    Info: Version 23.1std.1 Build 993 05/14/2024 SC Lite Edition
    Info: Processing started: Sat Sep  6 10:35:06 2025
Info: Command: quartus_map --read_settings_files=on --write_settings_files=off RiscVsingle_tb -c RiscVsingle_tb
Warning (18236): Number of processors has not been specified which may cause overloading on shared machines.  Set the global assignment NUM_PARALLEL_PROCESSORS in your QSF to an appropriate value for best performance.
Info (20030): Parallel compilation is enabled and will use 10 of the 10 processors detected
Info (12021): Found 17 design units, including 17 entities, in source file riscvsingle.sv
    Info (12023): Found entity 1: testbench File: C:/Users/elbaz/OneDrive/Desktop/hit/FinalProject_RISC-V/NEW/riscvsingle.sv Line: 81
    Info (12023): Found entity 2: top File: C:/Users/elbaz/OneDrive/Desktop/hit/FinalProject_RISC-V/NEW/riscvsingle.sv Line: 132
    Info (12023): Found entity 3: riscvsingle File: C:/Users/elbaz/OneDrive/Desktop/hit/FinalProject_RISC-V/NEW/riscvsingle.sv Line: 145
    Info (12023): Found entity 4: controller File: C:/Users/elbaz/OneDrive/Desktop/hit/FinalProject_RISC-V/NEW/riscvsingle.sv Line: 168
    Info (12023): Found entity 5: maindec File: C:/Users/elbaz/OneDrive/Desktop/hit/FinalProject_RISC-V/NEW/riscvsingle.sv Line: 189
    Info (12023): Found entity 6: aludec File: C:/Users/elbaz/OneDrive/Desktop/hit/FinalProject_RISC-V/NEW/riscvsingle.sv Line: 218
    Info (12023): Found entity 7: datapath File: C:/Users/elbaz/OneDrive/Desktop/hit/FinalProject_RISC-V/NEW/riscvsingle.sv Line: 251
    Info (12023): Found entity 8: regfile File: C:/Users/elbaz/OneDrive/Desktop/hit/FinalProject_RISC-V/NEW/riscvsingle.sv Line: 285
    Info (12023): Found entity 9: adder File: C:/Users/elbaz/OneDrive/Desktop/hit/FinalProject_RISC-V/NEW/riscvsingle.sv Line: 305
    Info (12023): Found entity 10: extend File: C:/Users/elbaz/OneDrive/Desktop/hit/FinalProject_RISC-V/NEW/riscvsingle.sv Line: 311
    Info (12023): Found entity 11: flopr File: C:/Users/elbaz/OneDrive/Desktop/hit/FinalProject_RISC-V/NEW/riscvsingle.sv Line: 331
    Info (12023): Found entity 12: mux2 File: C:/Users/elbaz/OneDrive/Desktop/hit/FinalProject_RISC-V/NEW/riscvsingle.sv Line: 341
    Info (12023): Found entity 13: mux3 File: C:/Users/elbaz/OneDrive/Desktop/hit/FinalProject_RISC-V/NEW/riscvsingle.sv Line: 349
    Info (12023): Found entity 14: mux4 File: C:/Users/elbaz/OneDrive/Desktop/hit/FinalProject_RISC-V/NEW/riscvsingle.sv Line: 357
    Info (12023): Found entity 15: imem File: C:/Users/elbaz/OneDrive/Desktop/hit/FinalProject_RISC-V/NEW/riscvsingle.sv Line: 367
    Info (12023): Found entity 16: dmem File: C:/Users/elbaz/OneDrive/Desktop/hit/FinalProject_RISC-V/NEW/riscvsingle.sv Line: 378
    Info (12023): Found entity 17: alu File: C:/Users/elbaz/OneDrive/Desktop/hit/FinalProject_RISC-V/NEW/riscvsingle.sv Line: 390
Info (12021): Found 7 design units, including 7 entities, in source file riscvsingle_tb.sv
    Info (12023): Found entity 1: tb_alu File: C:/Users/elbaz/OneDrive/Desktop/hit/FinalProject_RISC-V/NEW/RiscVsingle_tb.sv Line: 7
    Info (12023): Found entity 2: tb_regfile File: C:/Users/elbaz/OneDrive/Desktop/hit/FinalProject_RISC-V/NEW/RiscVsingle_tb.sv Line: 63
    Info (12023): Found entity 3: tb_extend File: C:/Users/elbaz/OneDrive/Desktop/hit/FinalProject_RISC-V/NEW/RiscVsingle_tb.sv Line: 97
    Info (12023): Found entity 4: tb_adder File: C:/Users/elbaz/OneDrive/Desktop/hit/FinalProject_RISC-V/NEW/RiscVsingle_tb.sv Line: 121
    Info (12023): Found entity 5: tb_muxes File: C:/Users/elbaz/OneDrive/Desktop/hit/FinalProject_RISC-V/NEW/RiscVsingle_tb.sv Line: 137
    Info (12023): Found entity 6: tb_controller File: C:/Users/elbaz/OneDrive/Desktop/hit/FinalProject_RISC-V/NEW/RiscVsingle_tb.sv Line: 172
    Info (12023): Found entity 7: tb_cpu_full File: C:/Users/elbaz/OneDrive/Desktop/hit/FinalProject_RISC-V/NEW/RiscVsingle_tb.sv Line: 213
Warning (10236): Verilog HDL Implicit Net warning at riscvsingle.sv(158): created implicit net for "PCSrc" File: C:/Users/elbaz/OneDrive/Desktop/hit/FinalProject_RISC-V/NEW/riscvsingle.sv Line: 158
Error (12007): Top-level design entity "RiscVsingle_tb" is undefined
Info (144001): Generated suppressed messages file C:/Users/elbaz/OneDrive/Desktop/hit/FinalProject_RISC-V/NEW/output_files/RiscVsingle_tb.map.smsg
Error: Quartus Prime Analysis & Synthesis was unsuccessful. 1 error, 2 warnings
    Error: Peak virtual memory: 4714 megabytes
    Error: Processing ended: Sat Sep  6 10:35:19 2025
    Error: Elapsed time: 00:00:13
    Error: Total CPU time (on all processors): 00:00:28


+------------------------------------------+
; Analysis & Synthesis Suppressed Messages ;
+------------------------------------------+
The suppressed messages can be found in C:/Users/elbaz/OneDrive/Desktop/hit/FinalProject_RISC-V/NEW/output_files/RiscVsingle_tb.map.smsg.


