#-----------------------------------------------------------
# Vivado v2024.2 (64-bit)
# SW Build 5239630 on Fri Nov 08 22:35:27 MST 2024
# IP Build 5239520 on Sun Nov 10 16:12:51 MST 2024
# SharedData Build 5239561 on Fri Nov 08 14:39:27 MST 2024
# Start of session at: Thu Oct 23 12:56:58 2025
# Process ID         : 25908
# Current directory  : C:/Users/salti/Desktop/Final_Project/RV32M - FPGA/7seg
# Command line       : vivado.exe -gui_launcher_event rodinguilauncherevent21912 C:\Users\salti\Desktop\Final_Project\RV32M - FPGA\7seg\7seg.xpr
# Log file           : C:/Users/salti/Desktop/Final_Project/RV32M - FPGA/7seg/vivado.log
# Journal file       : C:/Users/salti/Desktop/Final_Project/RV32M - FPGA/7seg\vivado.jou
# Running On         : Zenbook
# Platform           : Windows Server 2016 or Windows 10
# Operating System   : 26100
# Processor Detail   : Intel(R) Core(TM) Ultra 9 285H
# CPU Frequency      : 3686 MHz
# CPU Physical cores : 16
# CPU Logical cores  : 16
# Host memory        : 33685 MB
# Swap memory        : 2147 MB
# Total Virtual      : 35833 MB
# Available Virtual  : 21600 MB
#-----------------------------------------------------------
start_gui
open_project {C:/Users/salti/Desktop/Final_Project/RV32M - FPGA/7seg/7seg.xpr}
INFO: [filemgmt 56-3] Default IP Output Path : Could not find the directory 'C:/Users/salti/Desktop/Final_Project/RV32M - FPGA/7seg/7seg.gen/sources_1'.
Scanning sources...
Finished scanning sources
INFO: [IP_Flow 19-234] Refreshing IP repositories
INFO: [IP_Flow 19-1704] No user IP repositories specified
INFO: [IP_Flow 19-2313] Loaded Vivado IP repository 'C:/Xilinx/Vivado/2024.2/data/ip'.
open_project: Time (s): cpu = 00:00:23 ; elapsed = 00:00:14 . Memory (MB): peak = 1195.500 ; gain = 125.426
update_compile_order -fileset sources_1
exit
INFO: [Common 17-206] Exiting Vivado at Thu Oct 23 13:01:11 2025...
