#-----------------------------------------------------------
# Vivado v2024.2 (64-bit)
# SW Build 5239630 on Fri Nov 08 22:35:27 MST 2024
# IP Build 5239520 on Sun Nov 10 16:12:51 MST 2024
# SharedData Build 5239561 on Fri Nov 08 14:39:27 MST 2024
# Start of session at: Thu Sep 25 08:58:17 2025
# Process ID         : 28964
# Current directory  : C:/Users/salti/Desktop/Final_Project/pipline
# Command line       : vivado.exe -gui_launcher_event rodinguilauncherevent25968 C:\Users\salti\Desktop\Final_Project\pipline\riscv_5stagepipline.xpr
# Log file           : C:/Users/salti/Desktop/Final_Project/pipline/vivado.log
# Journal file       : C:/Users/salti/Desktop/Final_Project/pipline\vivado.jou
# Running On         : Zenbook
# Platform           : Windows Server 2016 or Windows 10
# Operating System   : 26100
# Processor Detail   : Intel(R) Core(TM) Ultra 9 285H
# CPU Frequency      : 3686 MHz
# CPU Physical cores : 16
# CPU Logical cores  : 16
# Host memory        : 33685 MB
# Swap memory        : 2147 MB
# Total Virtual      : 35833 MB
# Available Virtual  : 21111 MB
#-----------------------------------------------------------
start_gui
open_project C:/Users/salti/Desktop/Final_Project/pipline/riscv_5stagepipline.xpr
INFO: [filemgmt 56-3] Default IP Output Path : Could not find the directory 'C:/Users/salti/Desktop/Final_Project/pipline/riscv_5stagepipline.gen/sources_1'.
Scanning sources...
Finished scanning sources
INFO: [IP_Flow 19-234] Refreshing IP repositories
INFO: [IP_Flow 19-1704] No user IP repositories specified
INFO: [IP_Flow 19-2313] Loaded Vivado IP repository 'C:/Xilinx/Vivado/2024.2/data/ip'.
open_project: Time (s): cpu = 00:00:09 ; elapsed = 00:00:06 . Memory (MB): peak = 1179.027 ; gain = 107.086
update_compile_order -fileset sources_1
launch_runs synth_1 -jobs 8
WARNING: [Vivado 12-7122] Auto Incremental Compile:: No reference checkpoint was found in run synth_1. Auto-incremental flow will not be run, the standard flow will be run instead.
[Thu Sep 25 09:13:14 2025] Launched synth_1...
Run output will be captured here: C:/Users/salti/Desktop/Final_Project/pipline/riscv_5stagepipline.runs/synth_1/runme.log
launch_runs impl_1 -jobs 8
[Thu Sep 25 09:14:20 2025] Launched impl_1...
Run output will be captured here: C:/Users/salti/Desktop/Final_Project/pipline/riscv_5stagepipline.runs/impl_1/runme.log
exit
INFO: [Common 17-206] Exiting Vivado at Sat Sep 27 14:28:15 2025...
