Copyright 1986-2022 Xilinx, Inc. All Rights Reserved. Copyright 2022-2024 Advanced Micro Devices, Inc. All Rights Reserved.
---------------------------------------------------------------------------------------------------------------------------------------------
| Tool Version : Vivado v.2024.2 (win64) Build 5239630 Fri Nov 08 22:35:27 MST 2024
| Date         : Thu Oct 16 10:45:59 2025
| Host         : Zenbook running 64-bit major release  (build 9200)
| Command      : report_drc -file top_drc_routed.rpt -pb top_drc_routed.pb -rpx top_drc_routed.rpx
| Design       : top
| Device       : xc7a100tcsg324-1
| Speed File   : -1
| Design State : Fully Routed
---------------------------------------------------------------------------------------------------------------------------------------------

Report DRC

Table of Contents
-----------------
1. REPORT SUMMARY
2. REPORT DETAILS

1. REPORT SUMMARY
-----------------
            Netlist: netlist
          Floorplan: design_1
      Design limits: <entire design considered>
           Ruledeck: default
             Max checks: <unlimited>
             Checks found: 111
+----------+------------------+-----------------------------------------------------+--------+
| Rule     | Severity         | Description                                         | Checks |
+----------+------------------+-----------------------------------------------------+--------+
| NSTD-1   | Critical Warning | Unspecified I/O Standard                            | 1      |
| UCIO-1   | Critical Warning | Unconstrained Logical Port                          | 1      |
| CFGBVS-1 | Warning          | Missing CFGBVS and CONFIG_VOLTAGE Design Properties | 1      |
| DPIP-1   | Warning          | Input pipelining                                    | 24     |
| DPOP-1   | Warning          | PREG Output pipelining                              | 12     |
| DPOP-2   | Warning          | MREG Output pipelining                              | 12     |
| PDRC-132 | Warning          | SLICE_PairEqSame_A6A5_WARN                          | 45     |
| PDRC-140 | Warning          | SLICE_PairEqSame_A6A5_WARN                          | 15     |
+----------+------------------+-----------------------------------------------------+--------+

2. REPORT DETAILS
-----------------
NSTD-1#1 Critical Warning
Unspecified I/O Standard  
67 out of 67 logical ports use I/O standard (IOSTANDARD) value 'DEFAULT', instead of a user assigned specific value. This may cause I/O contention or incompatibility with the board power or connectivity affecting performance, signal integrity or in extreme cases cause damage to the device or the components to which it is connected. To correct this violation, specify all I/O standards. This design will fail to generate a bitstream unless all logical ports have a user specified I/O standard value defined. To allow bitstream creation with unspecified I/O standard values (not recommended), use this command: set_property SEVERITY {Warning} [get_drc_checks NSTD-1].  NOTE: When using the Vivado Runs infrastructure (e.g. launch_runs Tcl command), add this command to a .tcl file and add that file as a pre-hook for write_bitstream step for the implementation run. Problem ports: DataAdr[31:0], MemWriteM, WriteData[31:0], clk, reset.
Related violations: <none>

UCIO-1#1 Critical Warning
Unconstrained Logical Port  
67 out of 67 logical ports have no user assigned specific location constraint (LOC). This may cause I/O contention or incompatibility with the board power or connectivity affecting performance, signal integrity or in extreme cases cause damage to the device or the components to which it is connected. To correct this violation, specify all pin locations. This design will fail to generate a bitstream unless all logical ports have a user specified site LOC constraint defined.  To allow bitstream creation with unspecified pin locations (not recommended), use this command: set_property SEVERITY {Warning} [get_drc_checks UCIO-1].  NOTE: When using the Vivado Runs infrastructure (e.g. launch_runs Tcl command), add this command to a .tcl file and add that file as a pre-hook for write_bitstream step for the implementation run.  Problem ports: DataAdr[31:0], MemWriteM, WriteData[31:0], clk, reset.
Related violations: <none>

CFGBVS-1#1 Warning
Missing CFGBVS and CONFIG_VOLTAGE Design Properties  
Neither the CFGBVS nor CONFIG_VOLTAGE voltage property is set in the current_design.  Configuration bank voltage select (CFGBVS) must be set to VCCO or GND, and CONFIG_VOLTAGE must be set to the correct configuration voltage, in order to determine the I/O voltage support for the pins in bank 0.  It is suggested to specify these either using the 'Edit Device Properties' function in the GUI or directly in the XDC file using the following syntax:

 set_property CFGBVS value1 [current_design]
 #where value1 is either VCCO or GND

 set_property CONFIG_VOLTAGE value2 [current_design]
 #where value2 is the voltage provided to configuration bank 0

Refer to the device configuration user guide for more information.
Related violations: <none>

DPIP-1#1 Warning
Input pipelining  
DSP riscvpipline/dp/alu/p_ss input riscvpipline/dp/alu/p_ss/A[29:0] is not pipelined. Pipelining DSP48 input will improve performance.
Related violations: <none>

DPIP-1#2 Warning
Input pipelining  
DSP riscvpipline/dp/alu/p_ss input riscvpipline/dp/alu/p_ss/B[17:0] is not pipelined. Pipelining DSP48 input will improve performance.
Related violations: <none>

DPIP-1#3 Warning
Input pipelining  
DSP riscvpipline/dp/alu/p_ss__0 input riscvpipline/dp/alu/p_ss__0/A[29:0] is not pipelined. Pipelining DSP48 input will improve performance.
Related violations: <none>

DPIP-1#4 Warning
Input pipelining  
DSP riscvpipline/dp/alu/p_ss__0 input riscvpipline/dp/alu/p_ss__0/B[17:0] is not pipelined. Pipelining DSP48 input will improve performance.
Related violations: <none>

DPIP-1#5 Warning
Input pipelining  
DSP riscvpipline/dp/alu/p_ss__1 input riscvpipline/dp/alu/p_ss__1/A[29:0] is not pipelined. Pipelining DSP48 input will improve performance.
Related violations: <none>

DPIP-1#6 Warning
Input pipelining  
DSP riscvpipline/dp/alu/p_ss__1 input riscvpipline/dp/alu/p_ss__1/B[17:0] is not pipelined. Pipelining DSP48 input will improve performance.
Related violations: <none>

DPIP-1#7 Warning
Input pipelining  
DSP riscvpipline/dp/alu/p_ss__2 input riscvpipline/dp/alu/p_ss__2/A[29:0] is not pipelined. Pipelining DSP48 input will improve performance.
Related violations: <none>

DPIP-1#8 Warning
Input pipelining  
DSP riscvpipline/dp/alu/p_ss__2 input riscvpipline/dp/alu/p_ss__2/B[17:0] is not pipelined. Pipelining DSP48 input will improve performance.
Related violations: <none>

DPIP-1#9 Warning
Input pipelining  
DSP riscvpipline/dp/alu/p_su input riscvpipline/dp/alu/p_su/A[29:0] is not pipelined. Pipelining DSP48 input will improve performance.
Related violations: <none>

DPIP-1#10 Warning
Input pipelining  
DSP riscvpipline/dp/alu/p_su input riscvpipline/dp/alu/p_su/B[17:0] is not pipelined. Pipelining DSP48 input will improve performance.
Related violations: <none>

DPIP-1#11 Warning
Input pipelining  
DSP riscvpipline/dp/alu/p_su__0 input riscvpipline/dp/alu/p_su__0/A[29:0] is not pipelined. Pipelining DSP48 input will improve performance.
Related violations: <none>

DPIP-1#12 Warning
Input pipelining  
DSP riscvpipline/dp/alu/p_su__0 input riscvpipline/dp/alu/p_su__0/B[17:0] is not pipelined. Pipelining DSP48 input will improve performance.
Related violations: <none>

DPIP-1#13 Warning
Input pipelining  
DSP riscvpipline/dp/alu/p_su__1 input riscvpipline/dp/alu/p_su__1/A[29:0] is not pipelined. Pipelining DSP48 input will improve performance.
Related violations: <none>

DPIP-1#14 Warning
Input pipelining  
DSP riscvpipline/dp/alu/p_su__1 input riscvpipline/dp/alu/p_su__1/B[17:0] is not pipelined. Pipelining DSP48 input will improve performance.
Related violations: <none>

DPIP-1#15 Warning
Input pipelining  
DSP riscvpipline/dp/alu/p_su__2 input riscvpipline/dp/alu/p_su__2/A[29:0] is not pipelined. Pipelining DSP48 input will improve performance.
Related violations: <none>

DPIP-1#16 Warning
Input pipelining  
DSP riscvpipline/dp/alu/p_su__2 input riscvpipline/dp/alu/p_su__2/B[17:0] is not pipelined. Pipelining DSP48 input will improve performance.
Related violations: <none>

DPIP-1#17 Warning
Input pipelining  
DSP riscvpipline/dp/alu/p_uu input riscvpipline/dp/alu/p_uu/A[29:0] is not pipelined. Pipelining DSP48 input will improve performance.
Related violations: <none>

DPIP-1#18 Warning
Input pipelining  
DSP riscvpipline/dp/alu/p_uu input riscvpipline/dp/alu/p_uu/B[17:0] is not pipelined. Pipelining DSP48 input will improve performance.
Related violations: <none>

DPIP-1#19 Warning
Input pipelining  
DSP riscvpipline/dp/alu/p_uu__0 input riscvpipline/dp/alu/p_uu__0/A[29:0] is not pipelined. Pipelining DSP48 input will improve performance.
Related violations: <none>

DPIP-1#20 Warning
Input pipelining  
DSP riscvpipline/dp/alu/p_uu__0 input riscvpipline/dp/alu/p_uu__0/B[17:0] is not pipelined. Pipelining DSP48 input will improve performance.
Related violations: <none>

DPIP-1#21 Warning
Input pipelining  
DSP riscvpipline/dp/alu/p_uu__1 input riscvpipline/dp/alu/p_uu__1/A[29:0] is not pipelined. Pipelining DSP48 input will improve performance.
Related violations: <none>

DPIP-1#22 Warning
Input pipelining  
DSP riscvpipline/dp/alu/p_uu__1 input riscvpipline/dp/alu/p_uu__1/B[17:0] is not pipelined. Pipelining DSP48 input will improve performance.
Related violations: <none>

DPIP-1#23 Warning
Input pipelining  
DSP riscvpipline/dp/alu/p_uu__2 input riscvpipline/dp/alu/p_uu__2/A[29:0] is not pipelined. Pipelining DSP48 input will improve performance.
Related violations: <none>

DPIP-1#24 Warning
Input pipelining  
DSP riscvpipline/dp/alu/p_uu__2 input riscvpipline/dp/alu/p_uu__2/B[17:0] is not pipelined. Pipelining DSP48 input will improve performance.
Related violations: <none>

DPOP-1#1 Warning
PREG Output pipelining  
DSP riscvpipline/dp/alu/p_ss output riscvpipline/dp/alu/p_ss/P[47:0] is not pipelined (PREG=0). Pipelining the DSP48 output will improve performance and often saves power so it is suggested whenever possible to fully pipeline this function.  If this DSP48 function was inferred, it is suggested to describe an additional register stage after this function.  If the DSP48 was instantiated in the design, it is suggested to set the PREG attribute to 1.
Related violations: <none>

DPOP-1#2 Warning
PREG Output pipelining  
DSP riscvpipline/dp/alu/p_ss__0 output riscvpipline/dp/alu/p_ss__0/P[47:0] is not pipelined (PREG=0). Pipelining the DSP48 output will improve performance and often saves power so it is suggested whenever possible to fully pipeline this function.  If this DSP48 function was inferred, it is suggested to describe an additional register stage after this function.  If the DSP48 was instantiated in the design, it is suggested to set the PREG attribute to 1.
Related violations: <none>

DPOP-1#3 Warning
PREG Output pipelining  
DSP riscvpipline/dp/alu/p_ss__1 output riscvpipline/dp/alu/p_ss__1/P[47:0] is not pipelined (PREG=0). Pipelining the DSP48 output will improve performance and often saves power so it is suggested whenever possible to fully pipeline this function.  If this DSP48 function was inferred, it is suggested to describe an additional register stage after this function.  If the DSP48 was instantiated in the design, it is suggested to set the PREG attribute to 1.
Related violations: <none>

DPOP-1#4 Warning
PREG Output pipelining  
DSP riscvpipline/dp/alu/p_ss__2 output riscvpipline/dp/alu/p_ss__2/P[47:0] is not pipelined (PREG=0). Pipelining the DSP48 output will improve performance and often saves power so it is suggested whenever possible to fully pipeline this function.  If this DSP48 function was inferred, it is suggested to describe an additional register stage after this function.  If the DSP48 was instantiated in the design, it is suggested to set the PREG attribute to 1.
Related violations: <none>

DPOP-1#5 Warning
PREG Output pipelining  
DSP riscvpipline/dp/alu/p_su output riscvpipline/dp/alu/p_su/P[47:0] is not pipelined (PREG=0). Pipelining the DSP48 output will improve performance and often saves power so it is suggested whenever possible to fully pipeline this function.  If this DSP48 function was inferred, it is suggested to describe an additional register stage after this function.  If the DSP48 was instantiated in the design, it is suggested to set the PREG attribute to 1.
Related violations: <none>

DPOP-1#6 Warning
PREG Output pipelining  
DSP riscvpipline/dp/alu/p_su__0 output riscvpipline/dp/alu/p_su__0/P[47:0] is not pipelined (PREG=0). Pipelining the DSP48 output will improve performance and often saves power so it is suggested whenever possible to fully pipeline this function.  If this DSP48 function was inferred, it is suggested to describe an additional register stage after this function.  If the DSP48 was instantiated in the design, it is suggested to set the PREG attribute to 1.
Related violations: <none>

DPOP-1#7 Warning
PREG Output pipelining  
DSP riscvpipline/dp/alu/p_su__1 output riscvpipline/dp/alu/p_su__1/P[47:0] is not pipelined (PREG=0). Pipelining the DSP48 output will improve performance and often saves power so it is suggested whenever possible to fully pipeline this function.  If this DSP48 function was inferred, it is suggested to describe an additional register stage after this function.  If the DSP48 was instantiated in the design, it is suggested to set the PREG attribute to 1.
Related violations: <none>

DPOP-1#8 Warning
PREG Output pipelining  
DSP riscvpipline/dp/alu/p_su__2 output riscvpipline/dp/alu/p_su__2/P[47:0] is not pipelined (PREG=0). Pipelining the DSP48 output will improve performance and often saves power so it is suggested whenever possible to fully pipeline this function.  If this DSP48 function was inferred, it is suggested to describe an additional register stage after this function.  If the DSP48 was instantiated in the design, it is suggested to set the PREG attribute to 1.
Related violations: <none>

DPOP-1#9 Warning
PREG Output pipelining  
DSP riscvpipline/dp/alu/p_uu output riscvpipline/dp/alu/p_uu/P[47:0] is not pipelined (PREG=0). Pipelining the DSP48 output will improve performance and often saves power so it is suggested whenever possible to fully pipeline this function.  If this DSP48 function was inferred, it is suggested to describe an additional register stage after this function.  If the DSP48 was instantiated in the design, it is suggested to set the PREG attribute to 1.
Related violations: <none>

DPOP-1#10 Warning
PREG Output pipelining  
DSP riscvpipline/dp/alu/p_uu__0 output riscvpipline/dp/alu/p_uu__0/P[47:0] is not pipelined (PREG=0). Pipelining the DSP48 output will improve performance and often saves power so it is suggested whenever possible to fully pipeline this function.  If this DSP48 function was inferred, it is suggested to describe an additional register stage after this function.  If the DSP48 was instantiated in the design, it is suggested to set the PREG attribute to 1.
Related violations: <none>

DPOP-1#11 Warning
PREG Output pipelining  
DSP riscvpipline/dp/alu/p_uu__1 output riscvpipline/dp/alu/p_uu__1/P[47:0] is not pipelined (PREG=0). Pipelining the DSP48 output will improve performance and often saves power so it is suggested whenever possible to fully pipeline this function.  If this DSP48 function was inferred, it is suggested to describe an additional register stage after this function.  If the DSP48 was instantiated in the design, it is suggested to set the PREG attribute to 1.
Related violations: <none>

DPOP-1#12 Warning
PREG Output pipelining  
DSP riscvpipline/dp/alu/p_uu__2 output riscvpipline/dp/alu/p_uu__2/P[47:0] is not pipelined (PREG=0). Pipelining the DSP48 output will improve performance and often saves power so it is suggested whenever possible to fully pipeline this function.  If this DSP48 function was inferred, it is suggested to describe an additional register stage after this function.  If the DSP48 was instantiated in the design, it is suggested to set the PREG attribute to 1.
Related violations: <none>

DPOP-2#1 Warning
MREG Output pipelining  
DSP riscvpipline/dp/alu/p_ss multiplier stage riscvpipline/dp/alu/p_ss/P[47:0] is not pipelined (MREG=0). Pipelining the multiplier function will improve performance and will save significant power so it is suggested whenever possible to fully pipeline this function.  If this multiplier was inferred, it is suggested to describe an additional register stage after this function.  If there is no registered adder/accumulator following the multiply function, two pipeline stages are suggested to allow both the MREG and PREG registers to be used.  If the DSP48 was instantiated in the design, it is suggested to set both the MREG and PREG attributes to 1 when performing multiply functions.
Related violations: <none>

DPOP-2#2 Warning
MREG Output pipelining  
DSP riscvpipline/dp/alu/p_ss__0 multiplier stage riscvpipline/dp/alu/p_ss__0/P[47:0] is not pipelined (MREG=0). Pipelining the multiplier function will improve performance and will save significant power so it is suggested whenever possible to fully pipeline this function.  If this multiplier was inferred, it is suggested to describe an additional register stage after this function.  If there is no registered adder/accumulator following the multiply function, two pipeline stages are suggested to allow both the MREG and PREG registers to be used.  If the DSP48 was instantiated in the design, it is suggested to set both the MREG and PREG attributes to 1 when performing multiply functions.
Related violations: <none>

DPOP-2#3 Warning
MREG Output pipelining  
DSP riscvpipline/dp/alu/p_ss__1 multiplier stage riscvpipline/dp/alu/p_ss__1/P[47:0] is not pipelined (MREG=0). Pipelining the multiplier function will improve performance and will save significant power so it is suggested whenever possible to fully pipeline this function.  If this multiplier was inferred, it is suggested to describe an additional register stage after this function.  If there is no registered adder/accumulator following the multiply function, two pipeline stages are suggested to allow both the MREG and PREG registers to be used.  If the DSP48 was instantiated in the design, it is suggested to set both the MREG and PREG attributes to 1 when performing multiply functions.
Related violations: <none>

DPOP-2#4 Warning
MREG Output pipelining  
DSP riscvpipline/dp/alu/p_ss__2 multiplier stage riscvpipline/dp/alu/p_ss__2/P[47:0] is not pipelined (MREG=0). Pipelining the multiplier function will improve performance and will save significant power so it is suggested whenever possible to fully pipeline this function.  If this multiplier was inferred, it is suggested to describe an additional register stage after this function.  If there is no registered adder/accumulator following the multiply function, two pipeline stages are suggested to allow both the MREG and PREG registers to be used.  If the DSP48 was instantiated in the design, it is suggested to set both the MREG and PREG attributes to 1 when performing multiply functions.
Related violations: <none>

DPOP-2#5 Warning
MREG Output pipelining  
DSP riscvpipline/dp/alu/p_su multiplier stage riscvpipline/dp/alu/p_su/P[47:0] is not pipelined (MREG=0). Pipelining the multiplier function will improve performance and will save significant power so it is suggested whenever possible to fully pipeline this function.  If this multiplier was inferred, it is suggested to describe an additional register stage after this function.  If there is no registered adder/accumulator following the multiply function, two pipeline stages are suggested to allow both the MREG and PREG registers to be used.  If the DSP48 was instantiated in the design, it is suggested to set both the MREG and PREG attributes to 1 when performing multiply functions.
Related violations: <none>

DPOP-2#6 Warning
MREG Output pipelining  
DSP riscvpipline/dp/alu/p_su__0 multiplier stage riscvpipline/dp/alu/p_su__0/P[47:0] is not pipelined (MREG=0). Pipelining the multiplier function will improve performance and will save significant power so it is suggested whenever possible to fully pipeline this function.  If this multiplier was inferred, it is suggested to describe an additional register stage after this function.  If there is no registered adder/accumulator following the multiply function, two pipeline stages are suggested to allow both the MREG and PREG registers to be used.  If the DSP48 was instantiated in the design, it is suggested to set both the MREG and PREG attributes to 1 when performing multiply functions.
Related violations: <none>

DPOP-2#7 Warning
MREG Output pipelining  
DSP riscvpipline/dp/alu/p_su__1 multiplier stage riscvpipline/dp/alu/p_su__1/P[47:0] is not pipelined (MREG=0). Pipelining the multiplier function will improve performance and will save significant power so it is suggested whenever possible to fully pipeline this function.  If this multiplier was inferred, it is suggested to describe an additional register stage after this function.  If there is no registered adder/accumulator following the multiply function, two pipeline stages are suggested to allow both the MREG and PREG registers to be used.  If the DSP48 was instantiated in the design, it is suggested to set both the MREG and PREG attributes to 1 when performing multiply functions.
Related violations: <none>

DPOP-2#8 Warning
MREG Output pipelining  
DSP riscvpipline/dp/alu/p_su__2 multiplier stage riscvpipline/dp/alu/p_su__2/P[47:0] is not pipelined (MREG=0). Pipelining the multiplier function will improve performance and will save significant power so it is suggested whenever possible to fully pipeline this function.  If this multiplier was inferred, it is suggested to describe an additional register stage after this function.  If there is no registered adder/accumulator following the multiply function, two pipeline stages are suggested to allow both the MREG and PREG registers to be used.  If the DSP48 was instantiated in the design, it is suggested to set both the MREG and PREG attributes to 1 when performing multiply functions.
Related violations: <none>

DPOP-2#9 Warning
MREG Output pipelining  
DSP riscvpipline/dp/alu/p_uu multiplier stage riscvpipline/dp/alu/p_uu/P[47:0] is not pipelined (MREG=0). Pipelining the multiplier function will improve performance and will save significant power so it is suggested whenever possible to fully pipeline this function.  If this multiplier was inferred, it is suggested to describe an additional register stage after this function.  If there is no registered adder/accumulator following the multiply function, two pipeline stages are suggested to allow both the MREG and PREG registers to be used.  If the DSP48 was instantiated in the design, it is suggested to set both the MREG and PREG attributes to 1 when performing multiply functions.
Related violations: <none>

DPOP-2#10 Warning
MREG Output pipelining  
DSP riscvpipline/dp/alu/p_uu__0 multiplier stage riscvpipline/dp/alu/p_uu__0/P[47:0] is not pipelined (MREG=0). Pipelining the multiplier function will improve performance and will save significant power so it is suggested whenever possible to fully pipeline this function.  If this multiplier was inferred, it is suggested to describe an additional register stage after this function.  If there is no registered adder/accumulator following the multiply function, two pipeline stages are suggested to allow both the MREG and PREG registers to be used.  If the DSP48 was instantiated in the design, it is suggested to set both the MREG and PREG attributes to 1 when performing multiply functions.
Related violations: <none>

DPOP-2#11 Warning
MREG Output pipelining  
DSP riscvpipline/dp/alu/p_uu__1 multiplier stage riscvpipline/dp/alu/p_uu__1/P[47:0] is not pipelined (MREG=0). Pipelining the multiplier function will improve performance and will save significant power so it is suggested whenever possible to fully pipeline this function.  If this multiplier was inferred, it is suggested to describe an additional register stage after this function.  If there is no registered adder/accumulator following the multiply function, two pipeline stages are suggested to allow both the MREG and PREG registers to be used.  If the DSP48 was instantiated in the design, it is suggested to set both the MREG and PREG attributes to 1 when performing multiply functions.
Related violations: <none>

DPOP-2#12 Warning
MREG Output pipelining  
DSP riscvpipline/dp/alu/p_uu__2 multiplier stage riscvpipline/dp/alu/p_uu__2/P[47:0] is not pipelined (MREG=0). Pipelining the multiplier function will improve performance and will save significant power so it is suggested whenever possible to fully pipeline this function.  If this multiplier was inferred, it is suggested to describe an additional register stage after this function.  If there is no registered adder/accumulator following the multiply function, two pipeline stages are suggested to allow both the MREG and PREG registers to be used.  If the DSP48 was instantiated in the design, it is suggested to set both the MREG and PREG attributes to 1 when performing multiply functions.
Related violations: <none>

PDRC-132#1 Warning
SLICE_PairEqSame_A6A5_WARN  
Luts A6LUT and A5LUT in use in site SLICE_X0Y51 with different equations without A6 pin connected to Global Logic High.
Related violations: <none>

PDRC-132#2 Warning
SLICE_PairEqSame_A6A5_WARN  
Luts A6LUT and A5LUT in use in site SLICE_X11Y50 with different equations without A6 pin connected to Global Logic High.
Related violations: <none>

PDRC-132#3 Warning
SLICE_PairEqSame_A6A5_WARN  
Luts A6LUT and A5LUT in use in site SLICE_X13Y47 with different equations without A6 pin connected to Global Logic High.
Related violations: <none>

PDRC-132#4 Warning
SLICE_PairEqSame_A6A5_WARN  
Luts A6LUT and A5LUT in use in site SLICE_X13Y58 with different equations without A6 pin connected to Global Logic High.
Related violations: <none>

PDRC-132#5 Warning
SLICE_PairEqSame_A6A5_WARN  
Luts A6LUT and A5LUT in use in site SLICE_X15Y42 with different equations without A6 pin connected to Global Logic High.
Related violations: <none>

PDRC-132#6 Warning
SLICE_PairEqSame_A6A5_WARN  
Luts A6LUT and A5LUT in use in site SLICE_X15Y52 with different equations without A6 pin connected to Global Logic High.
Related violations: <none>

PDRC-132#7 Warning
SLICE_PairEqSame_A6A5_WARN  
Luts A6LUT and A5LUT in use in site SLICE_X16Y41 with different equations without A6 pin connected to Global Logic High.
Related violations: <none>

PDRC-132#8 Warning
SLICE_PairEqSame_A6A5_WARN  
Luts A6LUT and A5LUT in use in site SLICE_X18Y38 with different equations without A6 pin connected to Global Logic High.
Related violations: <none>

PDRC-132#9 Warning
SLICE_PairEqSame_A6A5_WARN  
Luts A6LUT and A5LUT in use in site SLICE_X19Y39 with different equations without A6 pin connected to Global Logic High.
Related violations: <none>

PDRC-132#10 Warning
SLICE_PairEqSame_A6A5_WARN  
Luts A6LUT and A5LUT in use in site SLICE_X1Y53 with different equations without A6 pin connected to Global Logic High.
Related violations: <none>

PDRC-132#11 Warning
SLICE_PairEqSame_A6A5_WARN  
Luts A6LUT and A5LUT in use in site SLICE_X20Y40 with different equations without A6 pin connected to Global Logic High.
Related violations: <none>

PDRC-132#12 Warning
SLICE_PairEqSame_A6A5_WARN  
Luts A6LUT and A5LUT in use in site SLICE_X21Y32 with different equations without A6 pin connected to Global Logic High.
Related violations: <none>

PDRC-132#13 Warning
SLICE_PairEqSame_A6A5_WARN  
Luts A6LUT and A5LUT in use in site SLICE_X21Y41 with different equations without A6 pin connected to Global Logic High.
Related violations: <none>

PDRC-132#14 Warning
SLICE_PairEqSame_A6A5_WARN  
Luts A6LUT and A5LUT in use in site SLICE_X22Y41 with different equations without A6 pin connected to Global Logic High.
Related violations: <none>

PDRC-132#15 Warning
SLICE_PairEqSame_A6A5_WARN  
Luts A6LUT and A5LUT in use in site SLICE_X24Y40 with different equations without A6 pin connected to Global Logic High.
Related violations: <none>

PDRC-132#16 Warning
SLICE_PairEqSame_A6A5_WARN  
Luts A6LUT and A5LUT in use in site SLICE_X25Y40 with different equations without A6 pin connected to Global Logic High.
Related violations: <none>

PDRC-132#17 Warning
SLICE_PairEqSame_A6A5_WARN  
Luts A6LUT and A5LUT in use in site SLICE_X26Y40 with different equations without A6 pin connected to Global Logic High.
Related violations: <none>

PDRC-132#18 Warning
SLICE_PairEqSame_A6A5_WARN  
Luts A6LUT and A5LUT in use in site SLICE_X27Y41 with different equations without A6 pin connected to Global Logic High.
Related violations: <none>

PDRC-132#19 Warning
SLICE_PairEqSame_A6A5_WARN  
Luts A6LUT and A5LUT in use in site SLICE_X28Y49 with different equations without A6 pin connected to Global Logic High.
Related violations: <none>

PDRC-132#20 Warning
SLICE_PairEqSame_A6A5_WARN  
Luts A6LUT and A5LUT in use in site SLICE_X29Y44 with different equations without A6 pin connected to Global Logic High.
Related violations: <none>

PDRC-132#21 Warning
SLICE_PairEqSame_A6A5_WARN  
Luts A6LUT and A5LUT in use in site SLICE_X29Y57 with different equations without A6 pin connected to Global Logic High.
Related violations: <none>

PDRC-132#22 Warning
SLICE_PairEqSame_A6A5_WARN  
Luts A6LUT and A5LUT in use in site SLICE_X31Y45 with different equations without A6 pin connected to Global Logic High.
Related violations: <none>

PDRC-132#23 Warning
SLICE_PairEqSame_A6A5_WARN  
Luts A6LUT and A5LUT in use in site SLICE_X32Y47 with different equations without A6 pin connected to Global Logic High.
Related violations: <none>

PDRC-132#24 Warning
SLICE_PairEqSame_A6A5_WARN  
Luts A6LUT and A5LUT in use in site SLICE_X33Y48 with different equations without A6 pin connected to Global Logic High.
Related violations: <none>

PDRC-132#25 Warning
SLICE_PairEqSame_A6A5_WARN  
Luts A6LUT and A5LUT in use in site SLICE_X33Y63 with different equations without A6 pin connected to Global Logic High.
Related violations: <none>

PDRC-132#26 Warning
SLICE_PairEqSame_A6A5_WARN  
Luts A6LUT and A5LUT in use in site SLICE_X36Y52 with different equations without A6 pin connected to Global Logic High.
Related violations: <none>

PDRC-132#27 Warning
SLICE_PairEqSame_A6A5_WARN  
Luts A6LUT and A5LUT in use in site SLICE_X37Y49 with different equations without A6 pin connected to Global Logic High.
Related violations: <none>

PDRC-132#28 Warning
SLICE_PairEqSame_A6A5_WARN  
Luts A6LUT and A5LUT in use in site SLICE_X39Y51 with different equations without A6 pin connected to Global Logic High.
Related violations: <none>

PDRC-132#29 Warning
SLICE_PairEqSame_A6A5_WARN  
Luts A6LUT and A5LUT in use in site SLICE_X39Y62 with different equations without A6 pin connected to Global Logic High.
Related violations: <none>

PDRC-132#30 Warning
SLICE_PairEqSame_A6A5_WARN  
Luts A6LUT and A5LUT in use in site SLICE_X3Y47 with different equations without A6 pin connected to Global Logic High.
Related violations: <none>

PDRC-132#31 Warning
SLICE_PairEqSame_A6A5_WARN  
Luts A6LUT and A5LUT in use in site SLICE_X40Y49 with different equations without A6 pin connected to Global Logic High.
Related violations: <none>

PDRC-132#32 Warning
SLICE_PairEqSame_A6A5_WARN  
Luts A6LUT and A5LUT in use in site SLICE_X41Y50 with different equations without A6 pin connected to Global Logic High.
Related violations: <none>

PDRC-132#33 Warning
SLICE_PairEqSame_A6A5_WARN  
Luts A6LUT and A5LUT in use in site SLICE_X43Y61 with different equations without A6 pin connected to Global Logic High.
Related violations: <none>

PDRC-132#34 Warning
SLICE_PairEqSame_A6A5_WARN  
Luts A6LUT and A5LUT in use in site SLICE_X44Y56 with different equations without A6 pin connected to Global Logic High.
Related violations: <none>

PDRC-132#35 Warning
SLICE_PairEqSame_A6A5_WARN  
Luts A6LUT and A5LUT in use in site SLICE_X45Y58 with different equations without A6 pin connected to Global Logic High.
Related violations: <none>

PDRC-132#36 Warning
SLICE_PairEqSame_A6A5_WARN  
Luts A6LUT and A5LUT in use in site SLICE_X4Y39 with different equations without A6 pin connected to Global Logic High.
Related violations: <none>

PDRC-132#37 Warning
SLICE_PairEqSame_A6A5_WARN  
Luts A6LUT and A5LUT in use in site SLICE_X4Y49 with different equations without A6 pin connected to Global Logic High.
Related violations: <none>

PDRC-132#38 Warning
SLICE_PairEqSame_A6A5_WARN  
Luts A6LUT and A5LUT in use in site SLICE_X4Y58 with different equations without A6 pin connected to Global Logic High.
Related violations: <none>

PDRC-132#39 Warning
SLICE_PairEqSame_A6A5_WARN  
Luts A6LUT and A5LUT in use in site SLICE_X5Y44 with different equations without A6 pin connected to Global Logic High.
Related violations: <none>

PDRC-132#40 Warning
SLICE_PairEqSame_A6A5_WARN  
Luts A6LUT and A5LUT in use in site SLICE_X5Y54 with different equations without A6 pin connected to Global Logic High.
Related violations: <none>

PDRC-132#41 Warning
SLICE_PairEqSame_A6A5_WARN  
Luts A6LUT and A5LUT in use in site SLICE_X7Y39 with different equations without A6 pin connected to Global Logic High.
Related violations: <none>

PDRC-132#42 Warning
SLICE_PairEqSame_A6A5_WARN  
Luts A6LUT and A5LUT in use in site SLICE_X7Y49 with different equations without A6 pin connected to Global Logic High.
Related violations: <none>

PDRC-132#43 Warning
SLICE_PairEqSame_A6A5_WARN  
Luts A6LUT and A5LUT in use in site SLICE_X7Y60 with different equations without A6 pin connected to Global Logic High.
Related violations: <none>

PDRC-132#44 Warning
SLICE_PairEqSame_A6A5_WARN  
Luts A6LUT and A5LUT in use in site SLICE_X9Y42 with different equations without A6 pin connected to Global Logic High.
Related violations: <none>

PDRC-132#45 Warning
SLICE_PairEqSame_A6A5_WARN  
Luts A6LUT and A5LUT in use in site SLICE_X9Y54 with different equations without A6 pin connected to Global Logic High.
Related violations: <none>

PDRC-140#1 Warning
SLICE_PairEqSame_A6A5_WARN  
Luts A6LUT and A5LUT in use in site SLICE_X10Y52 with different equations without A6 pin connected to Global Logic High.
Related violations: <none>

PDRC-140#2 Warning
SLICE_PairEqSame_A6A5_WARN  
Luts A6LUT and A5LUT in use in site SLICE_X12Y58 with different equations without A6 pin connected to Global Logic High.
Related violations: <none>

PDRC-140#3 Warning
SLICE_PairEqSame_A6A5_WARN  
Luts A6LUT and A5LUT in use in site SLICE_X14Y49 with different equations without A6 pin connected to Global Logic High.
Related violations: <none>

PDRC-140#4 Warning
SLICE_PairEqSame_A6A5_WARN  
Luts A6LUT and A5LUT in use in site SLICE_X2Y46 with different equations without A6 pin connected to Global Logic High.
Related violations: <none>

PDRC-140#5 Warning
SLICE_PairEqSame_A6A5_WARN  
Luts A6LUT and A5LUT in use in site SLICE_X2Y60 with different equations without A6 pin connected to Global Logic High.
Related violations: <none>

PDRC-140#6 Warning
SLICE_PairEqSame_A6A5_WARN  
Luts A6LUT and A5LUT in use in site SLICE_X30Y45 with different equations without A6 pin connected to Global Logic High.
Related violations: <none>

PDRC-140#7 Warning
SLICE_PairEqSame_A6A5_WARN  
Luts A6LUT and A5LUT in use in site SLICE_X30Y54 with different equations without A6 pin connected to Global Logic High.
Related violations: <none>

PDRC-140#8 Warning
SLICE_PairEqSame_A6A5_WARN  
Luts A6LUT and A5LUT in use in site SLICE_X34Y48 with different equations without A6 pin connected to Global Logic High.
Related violations: <none>

PDRC-140#9 Warning
SLICE_PairEqSame_A6A5_WARN  
Luts A6LUT and A5LUT in use in site SLICE_X34Y63 with different equations without A6 pin connected to Global Logic High.
Related violations: <none>

PDRC-140#10 Warning
SLICE_PairEqSame_A6A5_WARN  
Luts A6LUT and A5LUT in use in site SLICE_X38Y55 with different equations without A6 pin connected to Global Logic High.
Related violations: <none>

PDRC-140#11 Warning
SLICE_PairEqSame_A6A5_WARN  
Luts A6LUT and A5LUT in use in site SLICE_X42Y59 with different equations without A6 pin connected to Global Logic High.
Related violations: <none>

PDRC-140#12 Warning
SLICE_PairEqSame_A6A5_WARN  
Luts A6LUT and A5LUT in use in site SLICE_X6Y41 with different equations without A6 pin connected to Global Logic High.
Related violations: <none>

PDRC-140#13 Warning
SLICE_PairEqSame_A6A5_WARN  
Luts A6LUT and A5LUT in use in site SLICE_X6Y51 with different equations without A6 pin connected to Global Logic High.
Related violations: <none>

PDRC-140#14 Warning
SLICE_PairEqSame_A6A5_WARN  
Luts A6LUT and A5LUT in use in site SLICE_X6Y61 with different equations without A6 pin connected to Global Logic High.
Related violations: <none>

PDRC-140#15 Warning
SLICE_PairEqSame_A6A5_WARN  
Luts A6LUT and A5LUT in use in site SLICE_X8Y59 with different equations without A6 pin connected to Global Logic High.
Related violations: <none>


