Copyright 1986-2022 Xilinx, Inc. All Rights Reserved. Copyright 2022-2024 Advanced Micro Devices, Inc. All Rights Reserved.
-------------------------------------------------------------------------------------------------------------------------------------------------
| Tool Version     : Vivado v.2024.2 (win64) Build 5239630 Fri Nov 08 22:35:27 MST 2024
| Date             : Thu Oct 16 10:46:02 2025
| Host             : Zenbook running 64-bit major release  (build 9200)
| Command          : report_power -file top_power_routed.rpt -pb top_power_summary_routed.pb -rpx top_power_routed.rpx
| Design           : top
| Device           : xc7a100tcsg324-1
| Design State     : routed
| Grade            : commercial
| Process          : typical
| Characterization : Production
-------------------------------------------------------------------------------------------------------------------------------------------------

Power Report

Table of Contents
-----------------
1. Summary
1.1 On-Chip Components
1.2 Power Supply Summary
1.3 Confidence Level
2. Settings
2.1 Environment
2.2 Clock Constraints
3. Detailed Reports
3.1 By Hierarchy

1. Summary
----------

+--------------------------+-----------------------------------+
| Total On-Chip Power (W)  | 132.050 (Junction temp exceeded!) |
| Design Power Budget (W)  | Unspecified*                      |
| Power Budget Margin (W)  | NA                                |
| Dynamic (W)              | 131.259                           |
| Device Static (W)        | 0.791                             |
| Effective TJA (C/W)      | 4.6                               |
| Max Ambient (C)          | 0.0                               |
| Junction Temperature (C) | 125.0                             |
| Confidence Level         | Low                               |
| Setting File             | ---                               |
| Simulation Activity File | ---                               |
| Design Nets Matched      | NA                                |
+--------------------------+-----------------------------------+
* Specify Design Power Budget using, set_operating_conditions -design_power_budget <value in Watts>


1.1 On-Chip Components
----------------------

+--------------------------+-----------+----------+-----------+-----------------+
| On-Chip                  | Power (W) | Used     | Available | Utilization (%) |
+--------------------------+-----------+----------+-----------+-----------------+
| Slice Logic              |    42.995 |     5211 |       --- |             --- |
|   LUT as Logic           |    37.229 |     3404 |     63400 |            5.37 |
|   CARRY4                 |     4.885 |      684 |     15850 |            4.32 |
|   LUT as Distributed RAM |     0.529 |       76 |     19000 |            0.40 |
|   Register               |     0.325 |      599 |    126800 |            0.47 |
|   F7/F8 Muxes            |     0.022 |       64 |     63400 |            0.10 |
|   BUFG                   |     0.006 |        1 |        32 |            3.13 |
|   Others                 |     0.000 |       46 |       --- |             --- |
| Signals                  |    46.170 |     5021 |       --- |             --- |
| DSPs                     |     7.583 |       12 |       240 |            5.00 |
| I/O                      |    34.511 |       67 |       210 |           31.90 |
| Static Power             |     0.791 |          |           |                 |
| Total                    |   132.050 |          |           |                 |
+--------------------------+-----------+----------+-----------+-----------------+


1.2 Power Supply Summary
------------------------

+-----------+-------------+-----------+-------------+------------+-------------+-------------+------------+
| Source    | Voltage (V) | Total (A) | Dynamic (A) | Static (A) | Powerup (A) | Budget (A)  | Margin (A) |
+-----------+-------------+-----------+-------------+------------+-------------+-------------+------------+
| Vccint    |       1.000 |    97.315 |      96.752 |      0.563 |       NA    | Unspecified | NA         |
| Vccaux    |       1.800 |     2.918 |       2.825 |      0.093 |       NA    | Unspecified | NA         |
| Vcco33    |       3.300 |     0.000 |       0.000 |      0.000 |       NA    | Unspecified | NA         |
| Vcco25    |       2.500 |     0.000 |       0.000 |      0.000 |       NA    | Unspecified | NA         |
| Vcco18    |       1.800 |    16.350 |      16.346 |      0.004 |       NA    | Unspecified | NA         |
| Vcco15    |       1.500 |     0.000 |       0.000 |      0.000 |       NA    | Unspecified | NA         |
| Vcco135   |       1.350 |     0.000 |       0.000 |      0.000 |       NA    | Unspecified | NA         |
| Vcco12    |       1.200 |     0.000 |       0.000 |      0.000 |       NA    | Unspecified | NA         |
| Vccaux_io |       1.800 |     0.000 |       0.000 |      0.000 |       NA    | Unspecified | NA         |
| Vccbram   |       1.000 |     0.018 |       0.000 |      0.018 |       NA    | Unspecified | NA         |
| MGTAVcc   |       1.000 |     0.000 |       0.000 |      0.000 |       NA    | Unspecified | NA         |
| MGTAVtt   |       1.200 |     0.000 |       0.000 |      0.000 |       NA    | Unspecified | NA         |
| Vccadc    |       1.800 |     0.020 |       0.000 |      0.020 |       NA    | Unspecified | NA         |
+-----------+-------------+-----------+-------------+------------+-------------+-------------+------------+


1.3 Confidence Level
--------------------

+-----------------------------+------------+--------------------------------------------------------+--------------------------------------------------------------------------------------------------------------------+
| User Input Data             | Confidence | Details                                                | Action                                                                                                             |
+-----------------------------+------------+--------------------------------------------------------+--------------------------------------------------------------------------------------------------------------------+
| Design implementation state | High       | Design is routed                                       |                                                                                                                    |
| Clock nodes activity        | Low        | User specified less than 75% of clocks                 | Provide missing clock activity with a constraint file, simulation results or by editing the "By Clock Domain" view |
| I/O nodes activity          | Low        | More than 75% of inputs are missing user specification | Provide missing input activity with simulation results or by editing the "By Resource Type -> I/Os" view           |
| Internal nodes activity     | Medium     | User specified less than 25% of internal nodes         | Provide missing internal nodes activity with simulation results or by editing the "By Resource Type" views         |
| Device models               | High       | Device models are Production                           |                                                                                                                    |
|                             |            |                                                        |                                                                                                                    |
| Overall confidence level    | Low        |                                                        |                                                                                                                    |
+-----------------------------+------------+--------------------------------------------------------+--------------------------------------------------------------------------------------------------------------------+


2. Settings
-----------

2.1 Environment
---------------

+-----------------------+--------------------------+
| Ambient Temp (C)      | 25.0                     |
| ThetaJA (C/W)         | 4.6                      |
| Airflow (LFM)         | 250                      |
| Heat Sink             | medium (Medium Profile)  |
| ThetaSA (C/W)         | 4.6                      |
| Board Selection       | medium (10"x10")         |
| # of Board Layers     | 12to15 (12 to 15 Layers) |
| Board Temperature (C) | 25.0                     |
+-----------------------+--------------------------+


2.2 Clock Constraints
---------------------

+-------+--------+-----------------+
| Clock | Domain | Constraint (ns) |
+-------+--------+-----------------+


3. Detailed Reports
-------------------

3.1 By Hierarchy
----------------

+------------------------+-----------+
| Name                   | Power (W) |
+------------------------+-----------+
| top                    |   131.259 |
|   dmem                 |     0.283 |
|     RAM_reg_0_63_0_0   |     0.010 |
|     RAM_reg_0_63_10_10 |     0.010 |
|     RAM_reg_0_63_11_11 |     0.007 |
|     RAM_reg_0_63_12_12 |     0.014 |
|     RAM_reg_0_63_13_13 |     0.011 |
|     RAM_reg_0_63_14_14 |     0.010 |
|     RAM_reg_0_63_15_15 |     0.011 |
|     RAM_reg_0_63_16_16 |     0.013 |
|     RAM_reg_0_63_17_17 |     0.010 |
|     RAM_reg_0_63_18_18 |     0.010 |
|     RAM_reg_0_63_19_19 |     0.013 |
|     RAM_reg_0_63_1_1   |     0.011 |
|     RAM_reg_0_63_20_20 |     0.011 |
|     RAM_reg_0_63_21_21 |     0.011 |
|     RAM_reg_0_63_22_22 |     0.010 |
|     RAM_reg_0_63_23_23 |     0.012 |
|     RAM_reg_0_63_24_24 |     0.011 |
|     RAM_reg_0_63_25_25 |     0.010 |
|     RAM_reg_0_63_26_26 |     0.011 |
|     RAM_reg_0_63_27_27 |     0.005 |
|     RAM_reg_0_63_28_28 |     0.007 |
|     RAM_reg_0_63_29_29 |     0.006 |
|     RAM_reg_0_63_2_2   |     0.009 |
|     RAM_reg_0_63_30_30 |     0.004 |
|     RAM_reg_0_63_31_31 |     0.005 |
|     RAM_reg_0_63_3_3   |     0.009 |
|     RAM_reg_0_63_4_4   |     0.004 |
|     RAM_reg_0_63_5_5   |     0.002 |
|     RAM_reg_0_63_6_6   |     0.001 |
|     RAM_reg_0_63_7_7   |     0.002 |
|     RAM_reg_0_63_8_8   |     0.008 |
|     RAM_reg_0_63_9_9   |     0.012 |
|   riscvpipline         |    96.424 |
|     dp                 |    96.424 |
|       alu              |    51.962 |
|       ex_mem           |     2.176 |
|       id_ex            |    32.608 |
|       if_id            |     1.383 |
|       mem_wb           |     6.267 |
|       pcadd4           |     0.180 |
|       pcaddbranch      |     0.194 |
|       pcreg            |     0.758 |
|       rd1addjalr       |     0.346 |
|       rf               |     0.551 |
+------------------------+-----------+


