
*** Running vivado
    with args -log top.vds -m64 -product Vivado -mode batch -messageDb vivado.pb -notrace -source top.tcl



****** Vivado v2024.2 (64-bit)
  **** SW Build 5239630 on Fri Nov 08 22:35:27 MST 2024
  **** IP Build 5239520 on Sun Nov 10 16:12:51 MST 2024
  **** SharedData Build 5239561 on Fri Nov 08 14:39:27 MST 2024
  **** Start of session at: Thu Oct 16 10:41:18 2025
    ** Copyright 1986-2022 Xilinx, Inc. All Rights Reserved.
    ** Copyright 2022-2024 Advanced Micro Devices, Inc. All Rights Reserved.

source top.tcl -notrace
Command: read_checkpoint -auto_incremental -incremental {C:/Users/salti/Desktop/Final_Project/RV32M - FPGA/pipline/riscv_5stagepipline.srcs/utils_1/imports/synth_1/top.dcp}
INFO: [Vivado 12-5825] Read reference checkpoint from C:/Users/salti/Desktop/Final_Project/RV32M - FPGA/pipline/riscv_5stagepipline.srcs/utils_1/imports/synth_1/top.dcp for incremental synthesis
INFO: [Vivado 12-7989] Please ensure there are no constraint changes
Command: synth_design -top top -part xc7a100tcsg324-1
Starting synth_design
Attempting to get a license for feature 'Synthesis' and/or device 'xc7a100t'
INFO: [Common 17-349] Got license for feature 'Synthesis' and/or device 'xc7a100t'
INFO: [Device 21-403] Loading part xc7a100tcsg324-1
INFO: [Designutils 20-5440] No compile time benefit to using incremental synthesis; A full resynthesis will be run
INFO: [Designutils 20-4379] Flow is switching to default flow due to incremental criteria not met. If you would like to alter this behaviour and have the flow terminate instead, please set the following parameter config_implementation {autoIncr.Synth.RejectBehavior Terminate}
INFO: [Synth 8-7079] Multithreading enabled for synth_design using a maximum of 2 processes.
INFO: [Synth 8-7078] Launching helper process for spawning children vivado processes
INFO: [Synth 8-7075] Helper process launched with PID 15128
---------------------------------------------------------------------------------
Starting RTL Elaboration : Time (s): cpu = 00:00:03 ; elapsed = 00:00:04 . Memory (MB): peak = 1046.895 ; gain = 468.797
---------------------------------------------------------------------------------
INFO: [Synth 8-6157] synthesizing module 'top' [C:/Users/salti/Desktop/Final_Project/RV32M - FPGA/pipline/riscv_5stagepipline.sv:6]
INFO: [Synth 8-6157] synthesizing module 'riscv_pipline' [C:/Users/salti/Desktop/Final_Project/RV32M - FPGA/pipline/riscv_5stagepipline.sv:24]
INFO: [Synth 8-6157] synthesizing module 'controller' [C:/Users/salti/Desktop/Final_Project/RV32M - FPGA/pipline/riscv_5stagepipline.sv:59]
INFO: [Synth 8-6157] synthesizing module 'maindec' [C:/Users/salti/Desktop/Final_Project/RV32M - FPGA/pipline/riscv_5stagepipline.sv:83]
INFO: [Synth 8-6155] done synthesizing module 'maindec' (0#1) [C:/Users/salti/Desktop/Final_Project/RV32M - FPGA/pipline/riscv_5stagepipline.sv:83]
INFO: [Synth 8-6157] synthesizing module 'aludec' [C:/Users/salti/Desktop/Final_Project/RV32M - FPGA/pipline/riscv_5stagepipline.sv:113]
INFO: [Synth 8-226] default block is never used [C:/Users/salti/Desktop/Final_Project/RV32M - FPGA/pipline/riscv_5stagepipline.sv:131]
INFO: [Synth 8-6155] done synthesizing module 'aludec' (0#1) [C:/Users/salti/Desktop/Final_Project/RV32M - FPGA/pipline/riscv_5stagepipline.sv:113]
INFO: [Synth 8-6155] done synthesizing module 'controller' (0#1) [C:/Users/salti/Desktop/Final_Project/RV32M - FPGA/pipline/riscv_5stagepipline.sv:59]
INFO: [Synth 8-6157] synthesizing module 'datapath' [C:/Users/salti/Desktop/Final_Project/RV32M - FPGA/pipline/riscv_5stagepipline.sv:177]
INFO: [Synth 8-6157] synthesizing module 'flopre' [C:/Users/salti/Desktop/Final_Project/RV32M - FPGA/pipline/riscv_5stagepipline.sv:377]
	Parameter WIDTH bound to: 32 - type: integer 
INFO: [Synth 8-6155] done synthesizing module 'flopre' (0#1) [C:/Users/salti/Desktop/Final_Project/RV32M - FPGA/pipline/riscv_5stagepipline.sv:377]
INFO: [Synth 8-6157] synthesizing module 'adder' [C:/Users/salti/Desktop/Final_Project/RV32M - FPGA/pipline/riscv_5stagepipline.sv:329]
INFO: [Synth 8-6155] done synthesizing module 'adder' (0#1) [C:/Users/salti/Desktop/Final_Project/RV32M - FPGA/pipline/riscv_5stagepipline.sv:329]
INFO: [Synth 8-6157] synthesizing module 'if_id_stage_register' [C:/Users/salti/Desktop/Final_Project/RV32M - FPGA/pipline/riscv_5stagepipline.sv:579]
INFO: [Synth 8-6157] synthesizing module 'flopref' [C:/Users/salti/Desktop/Final_Project/RV32M - FPGA/pipline/riscv_5stagepipline.sv:406]
	Parameter WIDTH bound to: 32 - type: integer 
INFO: [Synth 8-6155] done synthesizing module 'flopref' (0#1) [C:/Users/salti/Desktop/Final_Project/RV32M - FPGA/pipline/riscv_5stagepipline.sv:406]
INFO: [Synth 8-6155] done synthesizing module 'if_id_stage_register' (0#1) [C:/Users/salti/Desktop/Final_Project/RV32M - FPGA/pipline/riscv_5stagepipline.sv:579]
INFO: [Synth 8-6157] synthesizing module 'regfile' [C:/Users/salti/Desktop/Final_Project/RV32M - FPGA/pipline/riscv_5stagepipline.sv:303]
INFO: [Synth 8-6155] done synthesizing module 'regfile' (0#1) [C:/Users/salti/Desktop/Final_Project/RV32M - FPGA/pipline/riscv_5stagepipline.sv:303]
INFO: [Synth 8-6157] synthesizing module 'extend' [C:/Users/salti/Desktop/Final_Project/RV32M - FPGA/pipline/riscv_5stagepipline.sv:339]
INFO: [Synth 8-6155] done synthesizing module 'extend' (0#1) [C:/Users/salti/Desktop/Final_Project/RV32M - FPGA/pipline/riscv_5stagepipline.sv:339]
INFO: [Synth 8-6157] synthesizing module 'id_ex_stage_register' [C:/Users/salti/Desktop/Final_Project/RV32M - FPGA/pipline/riscv_5stagepipline.sv:600]
INFO: [Synth 8-6157] synthesizing module 'floprf' [C:/Users/salti/Desktop/Final_Project/RV32M - FPGA/pipline/riscv_5stagepipline.sv:392]
	Parameter WIDTH bound to: 1 - type: integer 
INFO: [Synth 8-6155] done synthesizing module 'floprf' (0#1) [C:/Users/salti/Desktop/Final_Project/RV32M - FPGA/pipline/riscv_5stagepipline.sv:392]
INFO: [Synth 8-6157] synthesizing module 'floprf__parameterized0' [C:/Users/salti/Desktop/Final_Project/RV32M - FPGA/pipline/riscv_5stagepipline.sv:392]
	Parameter WIDTH bound to: 2 - type: integer 
INFO: [Synth 8-6155] done synthesizing module 'floprf__parameterized0' (0#1) [C:/Users/salti/Desktop/Final_Project/RV32M - FPGA/pipline/riscv_5stagepipline.sv:392]
INFO: [Synth 8-6157] synthesizing module 'floprf__parameterized1' [C:/Users/salti/Desktop/Final_Project/RV32M - FPGA/pipline/riscv_5stagepipline.sv:392]
	Parameter WIDTH bound to: 5 - type: integer 
INFO: [Synth 8-6155] done synthesizing module 'floprf__parameterized1' (0#1) [C:/Users/salti/Desktop/Final_Project/RV32M - FPGA/pipline/riscv_5stagepipline.sv:392]
INFO: [Synth 8-6157] synthesizing module 'floprf__parameterized2' [C:/Users/salti/Desktop/Final_Project/RV32M - FPGA/pipline/riscv_5stagepipline.sv:392]
	Parameter WIDTH bound to: 3 - type: integer 
INFO: [Synth 8-6155] done synthesizing module 'floprf__parameterized2' (0#1) [C:/Users/salti/Desktop/Final_Project/RV32M - FPGA/pipline/riscv_5stagepipline.sv:392]
INFO: [Synth 8-6157] synthesizing module 'floprf__parameterized3' [C:/Users/salti/Desktop/Final_Project/RV32M - FPGA/pipline/riscv_5stagepipline.sv:392]
	Parameter WIDTH bound to: 32 - type: integer 
INFO: [Synth 8-6155] done synthesizing module 'floprf__parameterized3' (0#1) [C:/Users/salti/Desktop/Final_Project/RV32M - FPGA/pipline/riscv_5stagepipline.sv:392]
INFO: [Synth 8-6155] done synthesizing module 'id_ex_stage_register' (0#1) [C:/Users/salti/Desktop/Final_Project/RV32M - FPGA/pipline/riscv_5stagepipline.sv:600]
WARNING: [Synth 8-589] replacing case/wildcard equality operator === with logical equality operator == [C:/Users/salti/Desktop/Final_Project/RV32M - FPGA/pipline/riscv_5stagepipline.sv:225]
WARNING: [Synth 8-589] replacing case/wildcard equality operator === with logical equality operator == [C:/Users/salti/Desktop/Final_Project/RV32M - FPGA/pipline/riscv_5stagepipline.sv:226]
WARNING: [Synth 8-589] replacing case/wildcard equality operator === with logical equality operator == [C:/Users/salti/Desktop/Final_Project/RV32M - FPGA/pipline/riscv_5stagepipline.sv:227]
WARNING: [Synth 8-589] replacing case/wildcard equality operator === with logical equality operator == [C:/Users/salti/Desktop/Final_Project/RV32M - FPGA/pipline/riscv_5stagepipline.sv:228]
INFO: [Synth 8-6157] synthesizing module 'hazard_unit' [C:/Users/salti/Desktop/Final_Project/RV32M - FPGA/pipline/riscv_5stagepipline.sv:737]
INFO: [Synth 8-6155] done synthesizing module 'hazard_unit' (0#1) [C:/Users/salti/Desktop/Final_Project/RV32M - FPGA/pipline/riscv_5stagepipline.sv:737]
INFO: [Synth 8-6157] synthesizing module 'mux3' [C:/Users/salti/Desktop/Final_Project/RV32M - FPGA/pipline/riscv_5stagepipline.sv:434]
	Parameter WIDTH bound to: 32 - type: integer 
INFO: [Synth 8-6155] done synthesizing module 'mux3' (0#1) [C:/Users/salti/Desktop/Final_Project/RV32M - FPGA/pipline/riscv_5stagepipline.sv:434]
INFO: [Synth 8-6157] synthesizing module 'mux2' [C:/Users/salti/Desktop/Final_Project/RV32M - FPGA/pipline/riscv_5stagepipline.sv:422]
	Parameter WIDTH bound to: 32 - type: integer 
INFO: [Synth 8-6155] done synthesizing module 'mux2' (0#1) [C:/Users/salti/Desktop/Final_Project/RV32M - FPGA/pipline/riscv_5stagepipline.sv:422]
INFO: [Synth 8-6157] synthesizing module 'alu' [C:/Users/salti/Desktop/Final_Project/RV32M - FPGA/pipline/riscv_5stagepipline.sv:491]
INFO: [Synth 8-6155] done synthesizing module 'alu' (0#1) [C:/Users/salti/Desktop/Final_Project/RV32M - FPGA/pipline/riscv_5stagepipline.sv:491]
INFO: [Synth 8-6157] synthesizing module 'ex_mem_stage_register' [C:/Users/salti/Desktop/Final_Project/RV32M - FPGA/pipline/riscv_5stagepipline.sv:670]
INFO: [Synth 8-6157] synthesizing module 'flopr' [C:/Users/salti/Desktop/Final_Project/RV32M - FPGA/pipline/riscv_5stagepipline.sv:363]
	Parameter WIDTH bound to: 1 - type: integer 
INFO: [Synth 8-6155] done synthesizing module 'flopr' (0#1) [C:/Users/salti/Desktop/Final_Project/RV32M - FPGA/pipline/riscv_5stagepipline.sv:363]
INFO: [Synth 8-6157] synthesizing module 'flopr__parameterized0' [C:/Users/salti/Desktop/Final_Project/RV32M - FPGA/pipline/riscv_5stagepipline.sv:363]
	Parameter WIDTH bound to: 2 - type: integer 
INFO: [Synth 8-6155] done synthesizing module 'flopr__parameterized0' (0#1) [C:/Users/salti/Desktop/Final_Project/RV32M - FPGA/pipline/riscv_5stagepipline.sv:363]
INFO: [Synth 8-6157] synthesizing module 'flopr__parameterized1' [C:/Users/salti/Desktop/Final_Project/RV32M - FPGA/pipline/riscv_5stagepipline.sv:363]
	Parameter WIDTH bound to: 32 - type: integer 
INFO: [Synth 8-6155] done synthesizing module 'flopr__parameterized1' (0#1) [C:/Users/salti/Desktop/Final_Project/RV32M - FPGA/pipline/riscv_5stagepipline.sv:363]
INFO: [Synth 8-6157] synthesizing module 'flopr__parameterized2' [C:/Users/salti/Desktop/Final_Project/RV32M - FPGA/pipline/riscv_5stagepipline.sv:363]
	Parameter WIDTH bound to: 5 - type: integer 
INFO: [Synth 8-6155] done synthesizing module 'flopr__parameterized2' (0#1) [C:/Users/salti/Desktop/Final_Project/RV32M - FPGA/pipline/riscv_5stagepipline.sv:363]
INFO: [Synth 8-6155] done synthesizing module 'ex_mem_stage_register' (0#1) [C:/Users/salti/Desktop/Final_Project/RV32M - FPGA/pipline/riscv_5stagepipline.sv:670]
INFO: [Synth 8-226] default block is never used [C:/Users/salti/Desktop/Final_Project/RV32M - FPGA/pipline/riscv_5stagepipline.sv:275]
INFO: [Synth 8-6157] synthesizing module 'mem_wb_stage_register' [C:/Users/salti/Desktop/Final_Project/RV32M - FPGA/pipline/riscv_5stagepipline.sv:705]
INFO: [Synth 8-6155] done synthesizing module 'mem_wb_stage_register' (0#1) [C:/Users/salti/Desktop/Final_Project/RV32M - FPGA/pipline/riscv_5stagepipline.sv:705]
INFO: [Synth 8-6157] synthesizing module 'mux4' [C:/Users/salti/Desktop/Final_Project/RV32M - FPGA/pipline/riscv_5stagepipline.sv:446]
	Parameter WIDTH bound to: 32 - type: integer 
INFO: [Synth 8-6155] done synthesizing module 'mux4' (0#1) [C:/Users/salti/Desktop/Final_Project/RV32M - FPGA/pipline/riscv_5stagepipline.sv:446]
INFO: [Synth 8-6155] done synthesizing module 'datapath' (0#1) [C:/Users/salti/Desktop/Final_Project/RV32M - FPGA/pipline/riscv_5stagepipline.sv:177]
INFO: [Synth 8-6155] done synthesizing module 'riscv_pipline' (0#1) [C:/Users/salti/Desktop/Final_Project/RV32M - FPGA/pipline/riscv_5stagepipline.sv:24]
INFO: [Synth 8-6157] synthesizing module 'imem' [C:/Users/salti/Desktop/Final_Project/RV32M - FPGA/pipline/riscv_5stagepipline.sv:460]
INFO: [Synth 8-3876] $readmem data file 'branch_test.txt' is read successfully [C:/Users/salti/Desktop/Final_Project/RV32M - FPGA/pipline/riscv_5stagepipline.sv:466]
INFO: [Synth 8-6155] done synthesizing module 'imem' (0#1) [C:/Users/salti/Desktop/Final_Project/RV32M - FPGA/pipline/riscv_5stagepipline.sv:460]
INFO: [Synth 8-6157] synthesizing module 'dmem' [C:/Users/salti/Desktop/Final_Project/RV32M - FPGA/pipline/riscv_5stagepipline.sv:475]
INFO: [Synth 8-6155] done synthesizing module 'dmem' (0#1) [C:/Users/salti/Desktop/Final_Project/RV32M - FPGA/pipline/riscv_5stagepipline.sv:475]
INFO: [Synth 8-6155] done synthesizing module 'top' (0#1) [C:/Users/salti/Desktop/Final_Project/RV32M - FPGA/pipline/riscv_5stagepipline.sv:6]
WARNING: [Synth 8-7129] Port a[31] in module dmem is either unconnected or has no load
WARNING: [Synth 8-7129] Port a[30] in module dmem is either unconnected or has no load
WARNING: [Synth 8-7129] Port a[29] in module dmem is either unconnected or has no load
WARNING: [Synth 8-7129] Port a[28] in module dmem is either unconnected or has no load
WARNING: [Synth 8-7129] Port a[27] in module dmem is either unconnected or has no load
WARNING: [Synth 8-7129] Port a[26] in module dmem is either unconnected or has no load
WARNING: [Synth 8-7129] Port a[25] in module dmem is either unconnected or has no load
WARNING: [Synth 8-7129] Port a[24] in module dmem is either unconnected or has no load
WARNING: [Synth 8-7129] Port a[23] in module dmem is either unconnected or has no load
WARNING: [Synth 8-7129] Port a[22] in module dmem is either unconnected or has no load
WARNING: [Synth 8-7129] Port a[21] in module dmem is either unconnected or has no load
WARNING: [Synth 8-7129] Port a[20] in module dmem is either unconnected or has no load
WARNING: [Synth 8-7129] Port a[19] in module dmem is either unconnected or has no load
WARNING: [Synth 8-7129] Port a[18] in module dmem is either unconnected or has no load
WARNING: [Synth 8-7129] Port a[17] in module dmem is either unconnected or has no load
WARNING: [Synth 8-7129] Port a[16] in module dmem is either unconnected or has no load
WARNING: [Synth 8-7129] Port a[15] in module dmem is either unconnected or has no load
WARNING: [Synth 8-7129] Port a[14] in module dmem is either unconnected or has no load
WARNING: [Synth 8-7129] Port a[13] in module dmem is either unconnected or has no load
WARNING: [Synth 8-7129] Port a[12] in module dmem is either unconnected or has no load
WARNING: [Synth 8-7129] Port a[11] in module dmem is either unconnected or has no load
WARNING: [Synth 8-7129] Port a[10] in module dmem is either unconnected or has no load
WARNING: [Synth 8-7129] Port a[9] in module dmem is either unconnected or has no load
WARNING: [Synth 8-7129] Port a[8] in module dmem is either unconnected or has no load
WARNING: [Synth 8-7129] Port a[1] in module dmem is either unconnected or has no load
WARNING: [Synth 8-7129] Port a[0] in module dmem is either unconnected or has no load
WARNING: [Synth 8-7129] Port a[1] in module imem is either unconnected or has no load
WARNING: [Synth 8-7129] Port a[0] in module imem is either unconnected or has no load
---------------------------------------------------------------------------------
Finished RTL Elaboration : Time (s): cpu = 00:00:04 ; elapsed = 00:00:05 . Memory (MB): peak = 1155.289 ; gain = 577.191
---------------------------------------------------------------------------------
---------------------------------------------------------------------------------
Start Handling Custom Attributes
---------------------------------------------------------------------------------
---------------------------------------------------------------------------------
Finished Handling Custom Attributes : Time (s): cpu = 00:00:04 ; elapsed = 00:00:05 . Memory (MB): peak = 1155.289 ; gain = 577.191
---------------------------------------------------------------------------------
---------------------------------------------------------------------------------
Finished RTL Optimization Phase 1 : Time (s): cpu = 00:00:04 ; elapsed = 00:00:05 . Memory (MB): peak = 1155.289 ; gain = 577.191
---------------------------------------------------------------------------------
Netlist sorting complete. Time (s): cpu = 00:00:00 ; elapsed = 00:00:00.015 . Memory (MB): peak = 1155.289 ; gain = 0.000
INFO: [Project 1-570] Preparing netlist for logic optimization

Processing XDC Constraints
Initializing timing engine
Parsing XDC File [C:/Users/salti/Desktop/Final_Project/RV32M - FPGA/pipline/Nexys-A7-100T-Master.xdc]
Finished Parsing XDC File [C:/Users/salti/Desktop/Final_Project/RV32M - FPGA/pipline/Nexys-A7-100T-Master.xdc]
Completed Processing XDC Constraints

Netlist sorting complete. Time (s): cpu = 00:00:00 ; elapsed = 00:00:00.001 . Memory (MB): peak = 1244.824 ; gain = 0.000
INFO: [Project 1-111] Unisim Transformation Summary:
No Unisim elements were transformed.

Constraint Validation Runtime : Time (s): cpu = 00:00:00 ; elapsed = 00:00:00.003 . Memory (MB): peak = 1244.824 ; gain = 0.000
INFO: [Designutils 20-5440] No compile time benefit to using incremental synthesis; A full resynthesis will be run
INFO: [Designutils 20-4379] Flow is switching to default flow due to incremental criteria not met. If you would like to alter this behaviour and have the flow terminate instead, please set the following parameter config_implementation {autoIncr.Synth.RejectBehavior Terminate}
---------------------------------------------------------------------------------
Finished Constraint Validation : Time (s): cpu = 00:00:10 ; elapsed = 00:00:10 . Memory (MB): peak = 1244.824 ; gain = 666.727
---------------------------------------------------------------------------------
---------------------------------------------------------------------------------
Start Loading Part and Timing Information
---------------------------------------------------------------------------------
Loading part: xc7a100tcsg324-1
---------------------------------------------------------------------------------
Finished Loading Part and Timing Information : Time (s): cpu = 00:00:10 ; elapsed = 00:00:10 . Memory (MB): peak = 1244.824 ; gain = 666.727
---------------------------------------------------------------------------------
---------------------------------------------------------------------------------
Start Applying 'set_property' XDC Constraints
---------------------------------------------------------------------------------
---------------------------------------------------------------------------------
Finished applying 'set_property' XDC Constraints : Time (s): cpu = 00:00:10 ; elapsed = 00:00:10 . Memory (MB): peak = 1244.824 ; gain = 666.727
---------------------------------------------------------------------------------
---------------------------------------------------------------------------------
Finished RTL Optimization Phase 2 : Time (s): cpu = 00:00:10 ; elapsed = 00:00:11 . Memory (MB): peak = 1244.824 ; gain = 666.727
---------------------------------------------------------------------------------
---------------------------------------------------------------------------------
Start RTL Component Statistics 
---------------------------------------------------------------------------------
Detailed RTL Component Info : 
+---Adders : 
	   2 Input   64 Bit       Adders := 1     
	   2 Input   32 Bit       Adders := 7     
	   3 Input   32 Bit       Adders := 1     
+---XORs : 
	   2 Input     32 Bit         XORs := 1     
	   2 Input      5 Bit         XORs := 2     
+---Registers : 
	               32 Bit    Registers := 17    
	                5 Bit    Registers := 6     
	                3 Bit    Registers := 2     
	                2 Bit    Registers := 3     
	                1 Bit    Registers := 10    
+---Multipliers : 
	              32x32  Multipliers := 1     
	              32x33  Multipliers := 1     
+---Muxes : 
	   2 Input   32 Bit        Muxes := 26    
	   4 Input   32 Bit        Muxes := 2     
	  36 Input   32 Bit        Muxes := 1     
	   2 Input    5 Bit        Muxes := 12    
	   3 Input    4 Bit        Muxes := 2     
	   2 Input    4 Bit        Muxes := 1     
	   4 Input    4 Bit        Muxes := 1     
	   2 Input    3 Bit        Muxes := 2     
	   2 Input    2 Bit        Muxes := 3     
	   2 Input    1 Bit        Muxes := 4     
---------------------------------------------------------------------------------
Finished RTL Component Statistics 
---------------------------------------------------------------------------------
---------------------------------------------------------------------------------
Start Part Resource Summary
---------------------------------------------------------------------------------
Part Resources:
DSPs: 240 (col length:80)
BRAMs: 270 (col length: RAMB18 80 RAMB36 40)
---------------------------------------------------------------------------------
Finished Part Resource Summary
---------------------------------------------------------------------------------
---------------------------------------------------------------------------------
Start Cross Boundary and Area Optimization
---------------------------------------------------------------------------------
WARNING: [Synth 8-7080] Parallel synthesis criteria is not met
DSP Report: Generating DSP p_uu, operation Mode is: A*B.
DSP Report: operator p_uu is absorbed into DSP p_uu.
DSP Report: operator p_uu is absorbed into DSP p_uu.
DSP Report: Generating DSP p_uu, operation Mode is: (PCIN>>17)+A*B.
DSP Report: operator p_uu is absorbed into DSP p_uu.
DSP Report: operator p_uu is absorbed into DSP p_uu.
DSP Report: Generating DSP p_uu, operation Mode is: A*B.
DSP Report: operator p_uu is absorbed into DSP p_uu.
DSP Report: operator p_uu is absorbed into DSP p_uu.
DSP Report: Generating DSP p_uu, operation Mode is: (PCIN>>17)+A*B.
DSP Report: operator p_uu is absorbed into DSP p_uu.
DSP Report: operator p_uu is absorbed into DSP p_uu.
DSP Report: Generating DSP p_ss, operation Mode is: A*B.
DSP Report: operator p_ss is absorbed into DSP p_ss.
DSP Report: operator p_ss is absorbed into DSP p_ss.
DSP Report: Generating DSP p_ss, operation Mode is: (PCIN>>17)+A*B.
DSP Report: operator p_ss is absorbed into DSP p_ss.
DSP Report: operator p_ss is absorbed into DSP p_ss.
DSP Report: Generating DSP p_ss, operation Mode is: A*B.
DSP Report: operator p_ss is absorbed into DSP p_ss.
DSP Report: operator p_ss is absorbed into DSP p_ss.
DSP Report: Generating DSP p_ss, operation Mode is: (PCIN>>17)+A*B.
DSP Report: operator p_ss is absorbed into DSP p_ss.
DSP Report: operator p_ss is absorbed into DSP p_ss.
DSP Report: Generating DSP p_su, operation Mode is: A*B.
DSP Report: operator p_su is absorbed into DSP p_su.
DSP Report: operator p_su is absorbed into DSP p_su.
DSP Report: Generating DSP p_su, operation Mode is: (PCIN>>17)+A*B.
DSP Report: operator p_su is absorbed into DSP p_su.
DSP Report: operator p_su is absorbed into DSP p_su.
DSP Report: Generating DSP p_su, operation Mode is: A*B.
DSP Report: operator p_su is absorbed into DSP p_su.
DSP Report: operator p_su is absorbed into DSP p_su.
DSP Report: Generating DSP p_su, operation Mode is: (PCIN>>17)+A*B.
DSP Report: operator p_su is absorbed into DSP p_su.
DSP Report: operator p_su is absorbed into DSP p_su.
WARNING: [Synth 8-7129] Port a[31] in module imem is either unconnected or has no load
WARNING: [Synth 8-7129] Port a[30] in module imem is either unconnected or has no load
WARNING: [Synth 8-7129] Port a[29] in module imem is either unconnected or has no load
WARNING: [Synth 8-7129] Port a[28] in module imem is either unconnected or has no load
WARNING: [Synth 8-7129] Port a[27] in module imem is either unconnected or has no load
WARNING: [Synth 8-7129] Port a[26] in module imem is either unconnected or has no load
WARNING: [Synth 8-7129] Port a[25] in module imem is either unconnected or has no load
WARNING: [Synth 8-7129] Port a[24] in module imem is either unconnected or has no load
WARNING: [Synth 8-7129] Port a[23] in module imem is either unconnected or has no load
WARNING: [Synth 8-7129] Port a[22] in module imem is either unconnected or has no load
WARNING: [Synth 8-7129] Port a[21] in module imem is either unconnected or has no load
WARNING: [Synth 8-7129] Port a[20] in module imem is either unconnected or has no load
WARNING: [Synth 8-7129] Port a[19] in module imem is either unconnected or has no load
WARNING: [Synth 8-7129] Port a[18] in module imem is either unconnected or has no load
WARNING: [Synth 8-7129] Port a[17] in module imem is either unconnected or has no load
WARNING: [Synth 8-7129] Port a[16] in module imem is either unconnected or has no load
WARNING: [Synth 8-7129] Port a[15] in module imem is either unconnected or has no load
WARNING: [Synth 8-7129] Port a[14] in module imem is either unconnected or has no load
WARNING: [Synth 8-7129] Port a[13] in module imem is either unconnected or has no load
WARNING: [Synth 8-7129] Port a[12] in module imem is either unconnected or has no load
WARNING: [Synth 8-7129] Port a[11] in module imem is either unconnected or has no load
WARNING: [Synth 8-7129] Port a[10] in module imem is either unconnected or has no load
WARNING: [Synth 8-7129] Port a[9] in module imem is either unconnected or has no load
WARNING: [Synth 8-7129] Port a[8] in module imem is either unconnected or has no load
WARNING: [Synth 8-7129] Port a[1] in module imem is either unconnected or has no load
WARNING: [Synth 8-7129] Port a[0] in module imem is either unconnected or has no load
---------------------------------------------------------------------------------
Finished Cross Boundary and Area Optimization : Time (s): cpu = 00:00:32 ; elapsed = 00:00:35 . Memory (MB): peak = 1307.445 ; gain = 729.348
---------------------------------------------------------------------------------
 Sort Area is  p_su_6 : 0 0 : 2701 5479 : Used 1 time 0
 Sort Area is  p_su_6 : 0 1 : 2778 5479 : Used 1 time 0
 Sort Area is  p_ss_b : 0 0 : 2701 5354 : Used 1 time 0
 Sort Area is  p_ss_b : 0 1 : 2653 5354 : Used 1 time 0
 Sort Area is  p_su_8 : 0 0 : 2634 5177 : Used 1 time 0
 Sort Area is  p_su_8 : 0 1 : 2543 5177 : Used 1 time 0
 Sort Area is  p_ss_d : 0 0 : 2634 5119 : Used 1 time 0
 Sort Area is  p_ss_d : 0 1 : 2485 5119 : Used 1 time 0
 Sort Area is  p_uu_0 : 0 0 : 2701 5044 : Used 1 time 0
 Sort Area is  p_uu_0 : 0 1 : 2343 5044 : Used 1 time 0
 Sort Area is  p_uu_3 : 0 0 : 2339 4365 : Used 1 time 0
 Sort Area is  p_uu_3 : 0 1 : 2026 4365 : Used 1 time 0
---------------------------------------------------------------------------------
Start ROM, RAM, DSP, Shift Register and Retiming Reporting
---------------------------------------------------------------------------------

Distributed RAM: Preliminary Mapping Report (see note below)
+------------+---------------------------+-----------+----------------------+----------------+
|Module Name | RTL Object                | Inference | Size (Depth x Width) | Primitives     | 
+------------+---------------------------+-----------+----------------------+----------------+
|top         | riscvpipline/dp/rf/rf_reg | Implied   | 32 x 32              | RAM32M x 12    | 
|top         | dmem/RAM_reg              | Implied   | 64 x 32              | RAM64X1S x 32  | 
+------------+---------------------------+-----------+----------------------+----------------+

Note: The table above is a preliminary report that shows the Distributed RAMs at the current stage of the synthesis flow. Some Distributed RAMs may be reimplemented as non Distributed RAM primitives later in the synthesis flow. Multiple instantiated RAMs are reported only once.

DSP: Preliminary Mapping Report (see note below. The ' indicates corresponding REG is set)
+------------+----------------+--------+--------+--------+--------+--------+------+------+------+------+-------+------+------+
|Module Name | DSP Mapping    | A Size | B Size | C Size | D Size | P Size | AREG | BREG | CREG | DREG | ADREG | MREG | PREG | 
+------------+----------------+--------+--------+--------+--------+--------+------+------+------+------+-------+------+------+
|alu         | A*B            | 18     | 16     | -      | -      | 48     | 0    | 0    | -    | -    | -     | 0    | 0    | 
|alu         | (PCIN>>17)+A*B | 16     | 16     | -      | -      | 30     | 0    | 0    | -    | -    | -     | 0    | 0    | 
|alu         | A*B            | 18     | 18     | -      | -      | 48     | 0    | 0    | -    | -    | -     | 0    | 0    | 
|alu         | (PCIN>>17)+A*B | 18     | 16     | -      | -      | 47     | 0    | 0    | -    | -    | -     | 0    | 0    | 
|alu         | A*B            | 18     | 15     | -      | -      | 48     | 0    | 0    | -    | -    | -     | 0    | 0    | 
|alu         | (PCIN>>17)+A*B | 15     | 15     | -      | -      | 48     | 0    | 0    | -    | -    | -     | 0    | 0    | 
|alu         | A*B            | 18     | 18     | -      | -      | 48     | 0    | 0    | -    | -    | -     | 0    | 0    | 
|alu         | (PCIN>>17)+A*B | 18     | 15     | -      | -      | 48     | 0    | 0    | -    | -    | -     | 0    | 0    | 
|alu         | A*B            | 18     | 15     | -      | -      | 48     | 0    | 0    | -    | -    | -     | 0    | 0    | 
|alu         | (PCIN>>17)+A*B | 16     | 15     | -      | -      | 48     | 0    | 0    | -    | -    | -     | 0    | 0    | 
|alu         | A*B            | 18     | 18     | -      | -      | 48     | 0    | 0    | -    | -    | -     | 0    | 0    | 
|alu         | (PCIN>>17)+A*B | 18     | 16     | -      | -      | 48     | 0    | 0    | -    | -    | -     | 0    | 0    | 
+------------+----------------+--------+--------+--------+--------+--------+------+------+------+------+-------+------+------+

Note: The table above is a preliminary report that shows the DSPs inferred at the current stage of the synthesis flow. Some DSP may be reimplemented as non DSP primitives later in the synthesis flow. Multiple instantiated DSPs are reported only once.
---------------------------------------------------------------------------------
Finished ROM, RAM, DSP, Shift Register and Retiming Reporting
---------------------------------------------------------------------------------
---------------------------------------------------------------------------------
Start Applying XDC Timing Constraints
---------------------------------------------------------------------------------
---------------------------------------------------------------------------------
Finished Applying XDC Timing Constraints : Time (s): cpu = 00:00:37 ; elapsed = 00:00:40 . Memory (MB): peak = 1413.215 ; gain = 835.117
---------------------------------------------------------------------------------
---------------------------------------------------------------------------------
Start Timing Optimization
---------------------------------------------------------------------------------
---------------------------------------------------------------------------------
Finished Timing Optimization : Time (s): cpu = 00:00:38 ; elapsed = 00:00:41 . Memory (MB): peak = 1416.445 ; gain = 838.348
---------------------------------------------------------------------------------
---------------------------------------------------------------------------------
Start ROM, RAM, DSP, Shift Register and Retiming Reporting
---------------------------------------------------------------------------------

Distributed RAM: Final Mapping Report
+------------+---------------------------+-----------+----------------------+----------------+
|Module Name | RTL Object                | Inference | Size (Depth x Width) | Primitives     | 
+------------+---------------------------+-----------+----------------------+----------------+
|top         | riscvpipline/dp/rf/rf_reg | Implied   | 32 x 32              | RAM32M x 12    | 
|top         | dmem/RAM_reg              | Implied   | 64 x 32              | RAM64X1S x 32  | 
+------------+---------------------------+-----------+----------------------+----------------+

---------------------------------------------------------------------------------
Finished ROM, RAM, DSP, Shift Register and Retiming Reporting
---------------------------------------------------------------------------------
---------------------------------------------------------------------------------
Start Technology Mapping
---------------------------------------------------------------------------------
---------------------------------------------------------------------------------
Finished Technology Mapping : Time (s): cpu = 00:00:39 ; elapsed = 00:00:42 . Memory (MB): peak = 1469.930 ; gain = 891.832
---------------------------------------------------------------------------------
---------------------------------------------------------------------------------
Start IO Insertion
---------------------------------------------------------------------------------
---------------------------------------------------------------------------------
Start Flattening Before IO Insertion
---------------------------------------------------------------------------------
---------------------------------------------------------------------------------
Finished Flattening Before IO Insertion
---------------------------------------------------------------------------------
---------------------------------------------------------------------------------
Start Final Netlist Cleanup
---------------------------------------------------------------------------------
---------------------------------------------------------------------------------
Finished Final Netlist Cleanup
---------------------------------------------------------------------------------
---------------------------------------------------------------------------------
Finished IO Insertion : Time (s): cpu = 00:00:41 ; elapsed = 00:00:44 . Memory (MB): peak = 1636.711 ; gain = 1058.613
---------------------------------------------------------------------------------
---------------------------------------------------------------------------------
Start Renaming Generated Instances
---------------------------------------------------------------------------------
---------------------------------------------------------------------------------
Finished Renaming Generated Instances : Time (s): cpu = 00:00:41 ; elapsed = 00:00:44 . Memory (MB): peak = 1636.711 ; gain = 1058.613
---------------------------------------------------------------------------------
---------------------------------------------------------------------------------
Start Rebuilding User Hierarchy
---------------------------------------------------------------------------------
---------------------------------------------------------------------------------
Finished Rebuilding User Hierarchy : Time (s): cpu = 00:00:41 ; elapsed = 00:00:44 . Memory (MB): peak = 1636.711 ; gain = 1058.613
---------------------------------------------------------------------------------
---------------------------------------------------------------------------------
Start Renaming Generated Ports
---------------------------------------------------------------------------------
---------------------------------------------------------------------------------
Finished Renaming Generated Ports : Time (s): cpu = 00:00:41 ; elapsed = 00:00:44 . Memory (MB): peak = 1636.711 ; gain = 1058.613
---------------------------------------------------------------------------------
---------------------------------------------------------------------------------
Start Handling Custom Attributes
---------------------------------------------------------------------------------
---------------------------------------------------------------------------------
Finished Handling Custom Attributes : Time (s): cpu = 00:00:41 ; elapsed = 00:00:44 . Memory (MB): peak = 1636.711 ; gain = 1058.613
---------------------------------------------------------------------------------
---------------------------------------------------------------------------------
Start Renaming Generated Nets
---------------------------------------------------------------------------------
---------------------------------------------------------------------------------
Finished Renaming Generated Nets : Time (s): cpu = 00:00:41 ; elapsed = 00:00:44 . Memory (MB): peak = 1636.711 ; gain = 1058.613
---------------------------------------------------------------------------------
---------------------------------------------------------------------------------
Start Writing Synthesis Report
---------------------------------------------------------------------------------

DSP Final Report (the ' indicates corresponding REG is set)
+------------+--------------+--------+--------+--------+--------+--------+------+------+------+------+-------+------+------+
|Module Name | DSP Mapping  | A Size | B Size | C Size | D Size | P Size | AREG | BREG | CREG | DREG | ADREG | MREG | PREG | 
+------------+--------------+--------+--------+--------+--------+--------+------+------+------+------+-------+------+------+
|alu         | A*B          | 17     | 15     | -      | -      | 48     | 0    | 0    | -    | -    | -     | 0    | 0    | 
|alu         | PCIN>>17+A*B | 15     | 15     | -      | -      | 30     | 0    | 0    | -    | -    | -     | 0    | 0    | 
|alu         | A*B          | 17     | 17     | -      | -      | 48     | 0    | 0    | -    | -    | -     | 0    | 0    | 
|alu         | PCIN>>17+A*B | 17     | 15     | -      | -      | 47     | 0    | 0    | -    | -    | -     | 0    | 0    | 
|alu         | A*B          | 17     | 18     | -      | -      | 48     | 0    | 0    | -    | -    | -     | 0    | 0    | 
|alu         | PCIN>>17+A*B | 30     | 18     | -      | -      | 48     | 0    | 0    | -    | -    | -     | 0    | 0    | 
|alu         | A*B          | 17     | 17     | -      | -      | 48     | 0    | 0    | -    | -    | -     | 0    | 0    | 
|alu         | PCIN>>17+A*B | 17     | 18     | -      | -      | 48     | 0    | 0    | -    | -    | -     | 0    | 0    | 
|alu         | A*B          | 17     | 18     | -      | -      | 48     | 0    | 0    | -    | -    | -     | 0    | 0    | 
|alu         | PCIN>>17+A*B | 15     | 18     | -      | -      | 48     | 0    | 0    | -    | -    | -     | 0    | 0    | 
|alu         | A*B          | 17     | 17     | -      | -      | 48     | 0    | 0    | -    | -    | -     | 0    | 0    | 
|alu         | PCIN>>17+A*B | 17     | 15     | -      | -      | 48     | 0    | 0    | -    | -    | -     | 0    | 0    | 
+------------+--------------+--------+--------+--------+--------+--------+------+------+------+------+-------+------+------+


Report BlackBoxes: 
+-+--------------+----------+
| |BlackBox name |Instances |
+-+--------------+----------+
+-+--------------+----------+

Report Cell Usage: 
+------+---------+------+
|      |Cell     |Count |
+------+---------+------+
|1     |BUFG     |     1|
|2     |CARRY4   |   684|
|3     |DSP48E1  |    12|
|4     |LUT1     |   161|
|5     |LUT2     |   431|
|6     |LUT3     |  1207|
|7     |LUT4     |   224|
|8     |LUT5     |  1207|
|9     |LUT6     |   484|
|10    |MUXF7    |    64|
|11    |RAM32M   |    10|
|12    |RAM32X1D |     4|
|13    |RAM64X1S |    32|
|14    |FDCE     |   566|
|15    |IBUF     |     2|
|16    |OBUF     |    65|
+------+---------+------+
---------------------------------------------------------------------------------
Finished Writing Synthesis Report : Time (s): cpu = 00:00:41 ; elapsed = 00:00:44 . Memory (MB): peak = 1636.711 ; gain = 1058.613
---------------------------------------------------------------------------------
Synthesis finished with 0 errors, 0 critical warnings and 27 warnings.
Synthesis Optimization Runtime : Time (s): cpu = 00:00:37 ; elapsed = 00:00:43 . Memory (MB): peak = 1636.711 ; gain = 969.078
Synthesis Optimization Complete : Time (s): cpu = 00:00:42 ; elapsed = 00:00:44 . Memory (MB): peak = 1636.711 ; gain = 1058.613
INFO: [Project 1-571] Translating synthesized netlist
Netlist sorting complete. Time (s): cpu = 00:00:00 ; elapsed = 00:00:00.039 . Memory (MB): peak = 1650.414 ; gain = 0.000
INFO: [Netlist 29-17] Analyzing 806 Unisim elements for replacement
INFO: [Netlist 29-28] Unisim Transformation completed in 0 CPU seconds
INFO: [Project 1-570] Preparing netlist for logic optimization
INFO: [Opt 31-138] Pushed 0 inverter(s) to 0 load pin(s).
Netlist sorting complete. Time (s): cpu = 00:00:00 ; elapsed = 00:00:00 . Memory (MB): peak = 1654.129 ; gain = 0.000
INFO: [Project 1-111] Unisim Transformation Summary:
  A total of 46 instances were transformed.
  RAM32M => RAM32M (RAMD32(x6), RAMS32(x2)): 10 instances
  RAM32X1D => RAM32X1D (RAMD32(x2)): 4 instances
  RAM64X1S => RAM64X1S (RAMS64E): 32 instances

Synth Design complete | Checksum: 3df9a9f9
INFO: [Common 17-83] Releasing license: Synthesis
85 Infos, 59 Warnings, 0 Critical Warnings and 0 Errors encountered.
synth_design completed successfully
synth_design: Time (s): cpu = 00:00:45 ; elapsed = 00:00:49 . Memory (MB): peak = 1654.129 ; gain = 1282.586
Write ShapeDB Complete: Time (s): cpu = 00:00:00 ; elapsed = 00:00:00.013 . Memory (MB): peak = 1654.129 ; gain = 0.000
INFO: [Common 17-1381] The checkpoint 'C:/Users/salti/Desktop/Final_Project/RV32M - FPGA/pipline/riscv_5stagepipline.runs/synth_1/top.dcp' has been generated.
INFO: [Vivado 12-24828] Executing command : report_utilization -file top_utilization_synth.rpt -pb top_utilization_synth.pb
INFO: [Common 17-206] Exiting Vivado at Thu Oct 16 10:42:12 2025...
