#-----------------------------------------------------------
# Vivado v2024.2 (64-bit)
# SW Build 5239630 on Fri Nov 08 22:35:27 MST 2024
# IP Build 5239520 on Sun Nov 10 16:12:51 MST 2024
# SharedData Build 5239561 on Fri Nov 08 14:39:27 MST 2024
# Start of session at: Wed Oct 15 13:40:44 2025
# Process ID         : 6816
# Current directory  : C:/Users/salti/Desktop/Final_Project/RV32I/single
# Command line       : vivado.exe -gui_launcher_event rodinguilauncherevent22388 C:\Users\salti\Desktop\Final_Project\RV32I\single\single.xpr
# Log file           : C:/Users/salti/Desktop/Final_Project/RV32I/single/vivado.log
# Journal file       : C:/Users/salti/Desktop/Final_Project/RV32I/single\vivado.jou
# Running On         : Zenbook
# Platform           : Windows Server 2016 or Windows 10
# Operating System   : 26100
# Processor Detail   : Intel(R) Core(TM) Ultra 9 285H
# CPU Frequency      : 3686 MHz
# CPU Physical cores : 16
# CPU Logical cores  : 16
# Host memory        : 33685 MB
# Swap memory        : 2147 MB
# Total Virtual      : 35833 MB
# Available Virtual  : 12181 MB
#-----------------------------------------------------------
start_gui
open_project C:/Users/salti/Desktop/Final_Project/RV32I/single/single.xpr
INFO: [Project 1-313] Project file moved from 'C:/Users/salti/Desktop/Final_Project/single' since last save.
INFO: [filemgmt 56-3] Default IP Output Path : Could not find the directory 'C:/Users/salti/Desktop/Final_Project/RV32I/single/single.gen/sources_1'.
Scanning sources...
Finished scanning sources
INFO: [IP_Flow 19-234] Refreshing IP repositories
INFO: [IP_Flow 19-1704] No user IP repositories specified
INFO: [IP_Flow 19-2313] Loaded Vivado IP repository 'C:/Xilinx/Vivado/2024.2/data/ip'.
update_compile_order -fileset sources_1
reset_run synth_1
INFO: [Project 1-1160] Copying file C:/Users/salti/Desktop/Final_Project/RV32I/single/single.runs/synth_1/testbench.dcp to C:/Users/salti/Desktop/Final_Project/RV32I/single/single.srcs/utils_1/imports/synth_1 and adding it to utils fileset
launch_runs synth_1 -jobs 8
[Wed Oct 15 13:41:52 2025] Launched synth_1...
Run output will be captured here: C:/Users/salti/Desktop/Final_Project/RV32I/single/single.runs/synth_1/runme.log
reset_run synth_1
INFO: [Project 1-1161] Replacing file C:/Users/salti/Desktop/Final_Project/RV32I/single/single.srcs/utils_1/imports/synth_1/testbench.dcp with file C:/Users/salti/Desktop/Final_Project/RV32I/single/single.runs/synth_1/testbench.dcp
launch_runs impl_1 -jobs 8
[Wed Oct 15 13:42:40 2025] Launched synth_1...
Run output will be captured here: C:/Users/salti/Desktop/Final_Project/RV32I/single/single.runs/synth_1/runme.log
[Wed Oct 15 13:42:40 2025] Launched impl_1...
Run output will be captured here: C:/Users/salti/Desktop/Final_Project/RV32I/single/single.runs/impl_1/runme.log
synth_design -rtl -rtl_skip_mlo -name rtl_1
Command: synth_design -rtl -rtl_skip_mlo -name rtl_1
Starting synth_design
Using part: xc7k70tfbv676-1
Top: testbench
INFO: [Device 21-403] Loading part xc7k70tfbv676-1
INFO: [Synth 8-7079] Multithreading enabled for synth_design using a maximum of 2 processes.
INFO: [Synth 8-7078] Launching helper process for spawning children vivado processes
INFO: [Synth 8-7075] Helper process launched with PID 29392
---------------------------------------------------------------------------------
Starting RTL Elaboration : Time (s): cpu = 00:00:03 ; elapsed = 00:00:03 . Memory (MB): peak = 1865.914 ; gain = 475.551
---------------------------------------------------------------------------------
INFO: [Synth 8-11241] undeclared symbol 'PCSrc', assumed default net type 'wire' [C:/Users/salti/Desktop/Final_Project/RV32I/single/riscvsingle.sv:80]
INFO: [Synth 8-6157] synthesizing module 'testbench' [C:/Users/salti/Desktop/Final_Project/RV32I/single/riscvsingle.sv:2]
INFO: [Synth 8-6157] synthesizing module 'top' [C:/Users/salti/Desktop/Final_Project/RV32I/single/riscvsingle.sv:54]
INFO: [Synth 8-6157] synthesizing module 'riscvsingle' [C:/Users/salti/Desktop/Final_Project/RV32I/single/riscvsingle.sv:67]
INFO: [Synth 8-6157] synthesizing module 'controller' [C:/Users/salti/Desktop/Final_Project/RV32I/single/riscvsingle.sv:90]
INFO: [Synth 8-6157] synthesizing module 'maindec' [C:/Users/salti/Desktop/Final_Project/RV32I/single/riscvsingle.sv:122]
INFO: [Synth 8-6155] done synthesizing module 'maindec' (0#1) [C:/Users/salti/Desktop/Final_Project/RV32I/single/riscvsingle.sv:122]
INFO: [Synth 8-6157] synthesizing module 'aludec' [C:/Users/salti/Desktop/Final_Project/RV32I/single/riscvsingle.sv:151]
INFO: [Synth 8-226] default block is never used [C:/Users/salti/Desktop/Final_Project/RV32I/single/riscvsingle.sv:169]
INFO: [Synth 8-6155] done synthesizing module 'aludec' (0#1) [C:/Users/salti/Desktop/Final_Project/RV32I/single/riscvsingle.sv:151]
INFO: [Synth 8-6155] done synthesizing module 'controller' (0#1) [C:/Users/salti/Desktop/Final_Project/RV32I/single/riscvsingle.sv:90]
INFO: [Synth 8-6157] synthesizing module 'datapath' [C:/Users/salti/Desktop/Final_Project/RV32I/single/riscvsingle.sv:189]
INFO: [Synth 8-6157] synthesizing module 'flopr' [C:/Users/salti/Desktop/Final_Project/RV32I/single/riscvsingle.sv:272]
	Parameter WIDTH bound to: 32 - type: integer 
INFO: [Synth 8-6155] done synthesizing module 'flopr' (0#1) [C:/Users/salti/Desktop/Final_Project/RV32I/single/riscvsingle.sv:272]
INFO: [Synth 8-6157] synthesizing module 'adder' [C:/Users/salti/Desktop/Final_Project/RV32I/single/riscvsingle.sv:246]
INFO: [Synth 8-6155] done synthesizing module 'adder' (0#1) [C:/Users/salti/Desktop/Final_Project/RV32I/single/riscvsingle.sv:246]
INFO: [Synth 8-6157] synthesizing module 'mux2' [C:/Users/salti/Desktop/Final_Project/RV32I/single/riscvsingle.sv:282]
	Parameter WIDTH bound to: 32 - type: integer 
INFO: [Synth 8-6155] done synthesizing module 'mux2' (0#1) [C:/Users/salti/Desktop/Final_Project/RV32I/single/riscvsingle.sv:282]
INFO: [Synth 8-6157] synthesizing module 'regfile' [C:/Users/salti/Desktop/Final_Project/RV32I/single/riscvsingle.sv:226]
INFO: [Synth 8-6155] done synthesizing module 'regfile' (0#1) [C:/Users/salti/Desktop/Final_Project/RV32I/single/riscvsingle.sv:226]
INFO: [Synth 8-6157] synthesizing module 'extend' [C:/Users/salti/Desktop/Final_Project/RV32I/single/riscvsingle.sv:252]
INFO: [Synth 8-6155] done synthesizing module 'extend' (0#1) [C:/Users/salti/Desktop/Final_Project/RV32I/single/riscvsingle.sv:252]
INFO: [Synth 8-6157] synthesizing module 'alu' [C:/Users/salti/Desktop/Final_Project/RV32I/single/riscvsingle.sv:331]
INFO: [Synth 8-6155] done synthesizing module 'alu' (0#1) [C:/Users/salti/Desktop/Final_Project/RV32I/single/riscvsingle.sv:331]
INFO: [Synth 8-6157] synthesizing module 'mux4' [C:/Users/salti/Desktop/Final_Project/RV32I/single/riscvsingle.sv:298]
	Parameter WIDTH bound to: 32 - type: integer 
INFO: [Synth 8-6155] done synthesizing module 'mux4' (0#1) [C:/Users/salti/Desktop/Final_Project/RV32I/single/riscvsingle.sv:298]
INFO: [Synth 8-6155] done synthesizing module 'datapath' (0#1) [C:/Users/salti/Desktop/Final_Project/RV32I/single/riscvsingle.sv:189]
INFO: [Synth 8-6155] done synthesizing module 'riscvsingle' (0#1) [C:/Users/salti/Desktop/Final_Project/RV32I/single/riscvsingle.sv:67]
INFO: [Synth 8-6157] synthesizing module 'imem' [C:/Users/salti/Desktop/Final_Project/RV32I/single/riscvsingle.sv:308]
INFO: [Synth 8-3876] $readmem data file 'riscvtest_sll.txt' is read successfully [C:/Users/salti/Desktop/Final_Project/RV32I/single/riscvsingle.sv:314]
INFO: [Synth 8-6155] done synthesizing module 'imem' (0#1) [C:/Users/salti/Desktop/Final_Project/RV32I/single/riscvsingle.sv:308]
INFO: [Synth 8-6157] synthesizing module 'dmem' [C:/Users/salti/Desktop/Final_Project/RV32I/single/riscvsingle.sv:319]
INFO: [Synth 8-6155] done synthesizing module 'dmem' (0#1) [C:/Users/salti/Desktop/Final_Project/RV32I/single/riscvsingle.sv:319]
INFO: [Synth 8-6155] done synthesizing module 'top' (0#1) [C:/Users/salti/Desktop/Final_Project/RV32I/single/riscvsingle.sv:54]
WARNING: [Synth 8-85] always block has no event control specified [C:/Users/salti/Desktop/Final_Project/RV32I/single/riscvsingle.sv:22]
WARNING: [Synth 8-589] replacing case/wildcard equality operator === with logical equality operator == [C:/Users/salti/Desktop/Final_Project/RV32I/single/riscvsingle.sv:31]
WARNING: [Synth 8-589] replacing case/wildcard equality operator === with logical equality operator == [C:/Users/salti/Desktop/Final_Project/RV32I/single/riscvsingle.sv:31]
WARNING: [Synth 8-11581] system task call 'stop' not supported [C:/Users/salti/Desktop/Final_Project/RV32I/single/riscvsingle.sv:35]
WARNING: [Synth 8-589] replacing case/wildcard equality operator !== with logical equality operator != [C:/Users/salti/Desktop/Final_Project/RV32I/single/riscvsingle.sv:37]
WARNING: [Synth 8-11581] system task call 'stop' not supported [C:/Users/salti/Desktop/Final_Project/RV32I/single/riscvsingle.sv:39]
INFO: [Synth 8-6155] done synthesizing module 'testbench' (0#1) [C:/Users/salti/Desktop/Final_Project/RV32I/single/riscvsingle.sv:2]
WARNING: [Synth 8-6014] Unused sequential element hash_reg was removed.  [C:/Users/salti/Desktop/Final_Project/RV32I/single/riscvsingle.sv:47]
WARNING: [Synth 8-7129] Port a[31] in module dmem is either unconnected or has no load
WARNING: [Synth 8-7129] Port a[30] in module dmem is either unconnected or has no load
WARNING: [Synth 8-7129] Port a[29] in module dmem is either unconnected or has no load
WARNING: [Synth 8-7129] Port a[28] in module dmem is either unconnected or has no load
WARNING: [Synth 8-7129] Port a[27] in module dmem is either unconnected or has no load
WARNING: [Synth 8-7129] Port a[26] in module dmem is either unconnected or has no load
WARNING: [Synth 8-7129] Port a[25] in module dmem is either unconnected or has no load
WARNING: [Synth 8-7129] Port a[24] in module dmem is either unconnected or has no load
WARNING: [Synth 8-7129] Port a[23] in module dmem is either unconnected or has no load
WARNING: [Synth 8-7129] Port a[22] in module dmem is either unconnected or has no load
WARNING: [Synth 8-7129] Port a[21] in module dmem is either unconnected or has no load
WARNING: [Synth 8-7129] Port a[20] in module dmem is either unconnected or has no load
WARNING: [Synth 8-7129] Port a[19] in module dmem is either unconnected or has no load
WARNING: [Synth 8-7129] Port a[18] in module dmem is either unconnected or has no load
WARNING: [Synth 8-7129] Port a[17] in module dmem is either unconnected or has no load
WARNING: [Synth 8-7129] Port a[16] in module dmem is either unconnected or has no load
WARNING: [Synth 8-7129] Port a[15] in module dmem is either unconnected or has no load
WARNING: [Synth 8-7129] Port a[14] in module dmem is either unconnected or has no load
WARNING: [Synth 8-7129] Port a[13] in module dmem is either unconnected or has no load
WARNING: [Synth 8-7129] Port a[12] in module dmem is either unconnected or has no load
WARNING: [Synth 8-7129] Port a[11] in module dmem is either unconnected or has no load
WARNING: [Synth 8-7129] Port a[10] in module dmem is either unconnected or has no load
WARNING: [Synth 8-7129] Port a[9] in module dmem is either unconnected or has no load
WARNING: [Synth 8-7129] Port a[8] in module dmem is either unconnected or has no load
WARNING: [Synth 8-7129] Port a[1] in module dmem is either unconnected or has no load
WARNING: [Synth 8-7129] Port a[0] in module dmem is either unconnected or has no load
WARNING: [Synth 8-7129] Port a[1] in module imem is either unconnected or has no load
WARNING: [Synth 8-7129] Port a[0] in module imem is either unconnected or has no load
WARNING: [Synth 8-7129] Port Instr[6] in module datapath is either unconnected or has no load
WARNING: [Synth 8-7129] Port Instr[5] in module datapath is either unconnected or has no load
WARNING: [Synth 8-7129] Port Instr[4] in module datapath is either unconnected or has no load
WARNING: [Synth 8-7129] Port Instr[3] in module datapath is either unconnected or has no load
WARNING: [Synth 8-7129] Port Instr[2] in module datapath is either unconnected or has no load
WARNING: [Synth 8-7129] Port Instr[1] in module datapath is either unconnected or has no load
WARNING: [Synth 8-7129] Port Instr[0] in module datapath is either unconnected or has no load
---------------------------------------------------------------------------------
Finished RTL Elaboration : Time (s): cpu = 00:00:04 ; elapsed = 00:00:04 . Memory (MB): peak = 1968.652 ; gain = 578.289
---------------------------------------------------------------------------------
---------------------------------------------------------------------------------
Start Handling Custom Attributes
---------------------------------------------------------------------------------
---------------------------------------------------------------------------------
Finished Handling Custom Attributes : Time (s): cpu = 00:00:04 ; elapsed = 00:00:04 . Memory (MB): peak = 1968.652 ; gain = 578.289
---------------------------------------------------------------------------------
---------------------------------------------------------------------------------
Finished RTL Optimization Phase 1 : Time (s): cpu = 00:00:04 ; elapsed = 00:00:04 . Memory (MB): peak = 1968.652 ; gain = 578.289
---------------------------------------------------------------------------------
Netlist sorting complete. Time (s): cpu = 00:00:00 ; elapsed = 00:00:00.005 . Memory (MB): peak = 1968.652 ; gain = 0.000
INFO: [Project 1-570] Preparing netlist for logic optimization

Processing XDC Constraints
Initializing timing engine
Completed Processing XDC Constraints

Netlist sorting complete. Time (s): cpu = 00:00:00 ; elapsed = 00:00:00 . Memory (MB): peak = 1973.996 ; gain = 0.000
INFO: [Project 1-111] Unisim Transformation Summary:
No Unisim elements were transformed.

RTL Elaboration Complete:  : Time (s): cpu = 00:00:11 ; elapsed = 00:00:08 . Memory (MB): peak = 2290.676 ; gain = 900.312
41 Infos, 42 Warnings, 0 Critical Warnings and 0 Errors encountered.
synth_design completed successfully
synth_design: Time (s): cpu = 00:00:13 ; elapsed = 00:00:09 . Memory (MB): peak = 2290.676 ; gain = 956.551
exit
INFO: [Common 17-206] Exiting Vivado at Wed Oct 15 17:35:03 2025...
