#-----------------------------------------------------------
# Vivado v2024.2 (64-bit)
# SW Build 5239630 on Fri Nov 08 22:35:27 MST 2024
# IP Build 5239520 on Sun Nov 10 16:12:51 MST 2024
# SharedData Build 5239561 on Fri Nov 08 14:39:27 MST 2024
# Start of session at: Wed Oct 15 14:21:22 2025
# Process ID         : 31100
# Current directory  : C:/Users/salti/Desktop/Final_Project/RV32I/pipline
# Command line       : vivado.exe -gui_launcher_event rodinguilauncherevent31876 C:\Users\salti\Desktop\Final_Project\RV32I\pipline\riscv_5stagepipline.xpr
# Log file           : C:/Users/salti/Desktop/Final_Project/RV32I/pipline/vivado.log
# Journal file       : C:/Users/salti/Desktop/Final_Project/RV32I/pipline\vivado.jou
# Running On         : Zenbook
# Platform           : Windows Server 2016 or Windows 10
# Operating System   : 26100
# Processor Detail   : Intel(R) Core(TM) Ultra 9 285H
# CPU Frequency      : 3686 MHz
# CPU Physical cores : 16
# CPU Logical cores  : 16
# Host memory        : 33685 MB
# Swap memory        : 2147 MB
# Total Virtual      : 35833 MB
# Available Virtual  : 9282 MB
#-----------------------------------------------------------
start_gui
open_project C:/Users/salti/Desktop/Final_Project/RV32I/pipline/riscv_5stagepipline.xpr
INFO: [Project 1-313] Project file moved from 'C:/Users/salti/Desktop/Final_Project/pipline' since last save.
INFO: [filemgmt 56-3] Default IP Output Path : Could not find the directory 'C:/Users/salti/Desktop/Final_Project/RV32I/pipline/riscv_5stagepipline.gen/sources_1'.
Scanning sources...
Finished scanning sources
INFO: [IP_Flow 19-234] Refreshing IP repositories
INFO: [IP_Flow 19-1704] No user IP repositories specified
INFO: [IP_Flow 19-2313] Loaded Vivado IP repository 'C:/Xilinx/Vivado/2024.2/data/ip'.
update_compile_order -fileset sources_1
reset_run synth_1
INFO: [Project 1-1160] Copying file C:/Users/salti/Desktop/Final_Project/RV32I/pipline/riscv_5stagepipline.runs/synth_1/top.dcp to C:/Users/salti/Desktop/Final_Project/RV32I/pipline/riscv_5stagepipline.srcs/utils_1/imports/synth_1 and adding it to utils fileset
launch_runs synth_1 -jobs 8
[Wed Oct 15 15:39:22 2025] Launched synth_1...
Run output will be captured here: C:/Users/salti/Desktop/Final_Project/RV32I/pipline/riscv_5stagepipline.runs/synth_1/runme.log
launch_runs impl_1 -jobs 8
[Wed Oct 15 15:39:59 2025] Launched impl_1...
Run output will be captured here: C:/Users/salti/Desktop/Final_Project/RV32I/pipline/riscv_5stagepipline.runs/impl_1/runme.log
synth_design -rtl -rtl_skip_mlo -name rtl_1
Command: synth_design -rtl -rtl_skip_mlo -name rtl_1
Starting synth_design
Using part: xc7a100tcsg324-1
Top: testbench
INFO: [Device 21-403] Loading part xc7a100tcsg324-1
INFO: [Synth 8-7079] Multithreading enabled for synth_design using a maximum of 2 processes.
INFO: [Synth 8-7078] Launching helper process for spawning children vivado processes
INFO: [Synth 8-7075] Helper process launched with PID 27320
---------------------------------------------------------------------------------
Starting RTL Elaboration : Time (s): cpu = 00:00:03 ; elapsed = 00:00:03 . Memory (MB): peak = 1871.062 ; gain = 467.789
---------------------------------------------------------------------------------
INFO: [Synth 8-6157] synthesizing module 'testbench' [C:/Users/salti/Desktop/Final_Project/RV32I/pipline/riscv_5stagepipline.sv:1]
INFO: [Synth 8-6157] synthesizing module 'top' [C:/Users/salti/Desktop/Final_Project/RV32I/pipline/riscv_5stagepipline.sv:56]
INFO: [Synth 8-6157] synthesizing module 'riscv_pipline' [C:/Users/salti/Desktop/Final_Project/RV32I/pipline/riscv_5stagepipline.sv:74]
INFO: [Synth 8-6157] synthesizing module 'controller' [C:/Users/salti/Desktop/Final_Project/RV32I/pipline/riscv_5stagepipline.sv:109]
INFO: [Synth 8-6157] synthesizing module 'maindec' [C:/Users/salti/Desktop/Final_Project/RV32I/pipline/riscv_5stagepipline.sv:134]
INFO: [Synth 8-6155] done synthesizing module 'maindec' (0#1) [C:/Users/salti/Desktop/Final_Project/RV32I/pipline/riscv_5stagepipline.sv:134]
INFO: [Synth 8-6157] synthesizing module 'aludec' [C:/Users/salti/Desktop/Final_Project/RV32I/pipline/riscv_5stagepipline.sv:164]
INFO: [Synth 8-226] default block is never used [C:/Users/salti/Desktop/Final_Project/RV32I/pipline/riscv_5stagepipline.sv:181]
INFO: [Synth 8-6155] done synthesizing module 'aludec' (0#1) [C:/Users/salti/Desktop/Final_Project/RV32I/pipline/riscv_5stagepipline.sv:164]
INFO: [Synth 8-6155] done synthesizing module 'controller' (0#1) [C:/Users/salti/Desktop/Final_Project/RV32I/pipline/riscv_5stagepipline.sv:109]
INFO: [Synth 8-6157] synthesizing module 'datapath' [C:/Users/salti/Desktop/Final_Project/RV32I/pipline/riscv_5stagepipline.sv:205]
INFO: [Synth 8-6157] synthesizing module 'flopre' [C:/Users/salti/Desktop/Final_Project/RV32I/pipline/riscv_5stagepipline.sv:391]
	Parameter WIDTH bound to: 32 - type: integer 
INFO: [Synth 8-6155] done synthesizing module 'flopre' (0#1) [C:/Users/salti/Desktop/Final_Project/RV32I/pipline/riscv_5stagepipline.sv:391]
INFO: [Synth 8-6157] synthesizing module 'adder' [C:/Users/salti/Desktop/Final_Project/RV32I/pipline/riscv_5stagepipline.sv:343]
INFO: [Synth 8-6155] done synthesizing module 'adder' (0#1) [C:/Users/salti/Desktop/Final_Project/RV32I/pipline/riscv_5stagepipline.sv:343]
INFO: [Synth 8-6157] synthesizing module 'if_id_stage_register' [C:/Users/salti/Desktop/Final_Project/RV32I/pipline/riscv_5stagepipline.sv:539]
INFO: [Synth 8-6157] synthesizing module 'flopref' [C:/Users/salti/Desktop/Final_Project/RV32I/pipline/riscv_5stagepipline.sv:420]
	Parameter WIDTH bound to: 32 - type: integer 
INFO: [Synth 8-6155] done synthesizing module 'flopref' (0#1) [C:/Users/salti/Desktop/Final_Project/RV32I/pipline/riscv_5stagepipline.sv:420]
INFO: [Synth 8-6155] done synthesizing module 'if_id_stage_register' (0#1) [C:/Users/salti/Desktop/Final_Project/RV32I/pipline/riscv_5stagepipline.sv:539]
INFO: [Synth 8-6157] synthesizing module 'regfile' [C:/Users/salti/Desktop/Final_Project/RV32I/pipline/riscv_5stagepipline.sv:317]
INFO: [Synth 8-6155] done synthesizing module 'regfile' (0#1) [C:/Users/salti/Desktop/Final_Project/RV32I/pipline/riscv_5stagepipline.sv:317]
INFO: [Synth 8-6157] synthesizing module 'extend' [C:/Users/salti/Desktop/Final_Project/RV32I/pipline/riscv_5stagepipline.sv:353]
INFO: [Synth 8-6155] done synthesizing module 'extend' (0#1) [C:/Users/salti/Desktop/Final_Project/RV32I/pipline/riscv_5stagepipline.sv:353]
INFO: [Synth 8-6157] synthesizing module 'id_ex_stage_register' [C:/Users/salti/Desktop/Final_Project/RV32I/pipline/riscv_5stagepipline.sv:560]
INFO: [Synth 8-6157] synthesizing module 'floprf' [C:/Users/salti/Desktop/Final_Project/RV32I/pipline/riscv_5stagepipline.sv:406]
	Parameter WIDTH bound to: 1 - type: integer 
INFO: [Synth 8-6155] done synthesizing module 'floprf' (0#1) [C:/Users/salti/Desktop/Final_Project/RV32I/pipline/riscv_5stagepipline.sv:406]
INFO: [Synth 8-6157] synthesizing module 'floprf__parameterized0' [C:/Users/salti/Desktop/Final_Project/RV32I/pipline/riscv_5stagepipline.sv:406]
	Parameter WIDTH bound to: 2 - type: integer 
INFO: [Synth 8-6155] done synthesizing module 'floprf__parameterized0' (0#1) [C:/Users/salti/Desktop/Final_Project/RV32I/pipline/riscv_5stagepipline.sv:406]
INFO: [Synth 8-6157] synthesizing module 'floprf__parameterized1' [C:/Users/salti/Desktop/Final_Project/RV32I/pipline/riscv_5stagepipline.sv:406]
	Parameter WIDTH bound to: 4 - type: integer 
INFO: [Synth 8-6155] done synthesizing module 'floprf__parameterized1' (0#1) [C:/Users/salti/Desktop/Final_Project/RV32I/pipline/riscv_5stagepipline.sv:406]
INFO: [Synth 8-6157] synthesizing module 'floprf__parameterized2' [C:/Users/salti/Desktop/Final_Project/RV32I/pipline/riscv_5stagepipline.sv:406]
	Parameter WIDTH bound to: 32 - type: integer 
INFO: [Synth 8-6155] done synthesizing module 'floprf__parameterized2' (0#1) [C:/Users/salti/Desktop/Final_Project/RV32I/pipline/riscv_5stagepipline.sv:406]
INFO: [Synth 8-6157] synthesizing module 'floprf__parameterized3' [C:/Users/salti/Desktop/Final_Project/RV32I/pipline/riscv_5stagepipline.sv:406]
	Parameter WIDTH bound to: 5 - type: integer 
INFO: [Synth 8-6155] done synthesizing module 'floprf__parameterized3' (0#1) [C:/Users/salti/Desktop/Final_Project/RV32I/pipline/riscv_5stagepipline.sv:406]
INFO: [Synth 8-6157] synthesizing module 'floprf__parameterized4' [C:/Users/salti/Desktop/Final_Project/RV32I/pipline/riscv_5stagepipline.sv:406]
	Parameter WIDTH bound to: 3 - type: integer 
INFO: [Synth 8-6155] done synthesizing module 'floprf__parameterized4' (0#1) [C:/Users/salti/Desktop/Final_Project/RV32I/pipline/riscv_5stagepipline.sv:406]
INFO: [Synth 8-6155] done synthesizing module 'id_ex_stage_register' (0#1) [C:/Users/salti/Desktop/Final_Project/RV32I/pipline/riscv_5stagepipline.sv:560]
INFO: [Synth 8-6157] synthesizing module 'hazard_unit' [C:/Users/salti/Desktop/Final_Project/RV32I/pipline/riscv_5stagepipline.sv:691]
INFO: [Synth 8-6155] done synthesizing module 'hazard_unit' (0#1) [C:/Users/salti/Desktop/Final_Project/RV32I/pipline/riscv_5stagepipline.sv:691]
INFO: [Synth 8-6157] synthesizing module 'mux3' [C:/Users/salti/Desktop/Final_Project/RV32I/pipline/riscv_5stagepipline.sv:448]
	Parameter WIDTH bound to: 32 - type: integer 
INFO: [Synth 8-6155] done synthesizing module 'mux3' (0#1) [C:/Users/salti/Desktop/Final_Project/RV32I/pipline/riscv_5stagepipline.sv:448]
INFO: [Synth 8-6157] synthesizing module 'mux2' [C:/Users/salti/Desktop/Final_Project/RV32I/pipline/riscv_5stagepipline.sv:436]
	Parameter WIDTH bound to: 32 - type: integer 
INFO: [Synth 8-6155] done synthesizing module 'mux2' (0#1) [C:/Users/salti/Desktop/Final_Project/RV32I/pipline/riscv_5stagepipline.sv:436]
INFO: [Synth 8-6157] synthesizing module 'alu' [C:/Users/salti/Desktop/Final_Project/RV32I/pipline/riscv_5stagepipline.sv:505]
INFO: [Synth 8-6155] done synthesizing module 'alu' (0#1) [C:/Users/salti/Desktop/Final_Project/RV32I/pipline/riscv_5stagepipline.sv:505]
INFO: [Synth 8-6157] synthesizing module 'ex_mem_stage_register' [C:/Users/salti/Desktop/Final_Project/RV32I/pipline/riscv_5stagepipline.sv:624]
INFO: [Synth 8-6157] synthesizing module 'flopr' [C:/Users/salti/Desktop/Final_Project/RV32I/pipline/riscv_5stagepipline.sv:377]
	Parameter WIDTH bound to: 1 - type: integer 
INFO: [Synth 8-6155] done synthesizing module 'flopr' (0#1) [C:/Users/salti/Desktop/Final_Project/RV32I/pipline/riscv_5stagepipline.sv:377]
INFO: [Synth 8-6157] synthesizing module 'flopr__parameterized0' [C:/Users/salti/Desktop/Final_Project/RV32I/pipline/riscv_5stagepipline.sv:377]
	Parameter WIDTH bound to: 2 - type: integer 
INFO: [Synth 8-6155] done synthesizing module 'flopr__parameterized0' (0#1) [C:/Users/salti/Desktop/Final_Project/RV32I/pipline/riscv_5stagepipline.sv:377]
INFO: [Synth 8-6157] synthesizing module 'flopr__parameterized1' [C:/Users/salti/Desktop/Final_Project/RV32I/pipline/riscv_5stagepipline.sv:377]
	Parameter WIDTH bound to: 32 - type: integer 
INFO: [Synth 8-6155] done synthesizing module 'flopr__parameterized1' (0#1) [C:/Users/salti/Desktop/Final_Project/RV32I/pipline/riscv_5stagepipline.sv:377]
INFO: [Synth 8-6157] synthesizing module 'flopr__parameterized2' [C:/Users/salti/Desktop/Final_Project/RV32I/pipline/riscv_5stagepipline.sv:377]
	Parameter WIDTH bound to: 5 - type: integer 
INFO: [Synth 8-6155] done synthesizing module 'flopr__parameterized2' (0#1) [C:/Users/salti/Desktop/Final_Project/RV32I/pipline/riscv_5stagepipline.sv:377]
INFO: [Synth 8-6155] done synthesizing module 'ex_mem_stage_register' (0#1) [C:/Users/salti/Desktop/Final_Project/RV32I/pipline/riscv_5stagepipline.sv:624]
INFO: [Synth 8-6157] synthesizing module 'mem_wb_stage_register' [C:/Users/salti/Desktop/Final_Project/RV32I/pipline/riscv_5stagepipline.sv:659]
INFO: [Synth 8-6155] done synthesizing module 'mem_wb_stage_register' (0#1) [C:/Users/salti/Desktop/Final_Project/RV32I/pipline/riscv_5stagepipline.sv:659]
INFO: [Synth 8-6157] synthesizing module 'mux4' [C:/Users/salti/Desktop/Final_Project/RV32I/pipline/riscv_5stagepipline.sv:460]
	Parameter WIDTH bound to: 32 - type: integer 
INFO: [Synth 8-6155] done synthesizing module 'mux4' (0#1) [C:/Users/salti/Desktop/Final_Project/RV32I/pipline/riscv_5stagepipline.sv:460]
INFO: [Synth 8-6155] done synthesizing module 'datapath' (0#1) [C:/Users/salti/Desktop/Final_Project/RV32I/pipline/riscv_5stagepipline.sv:205]
INFO: [Synth 8-6155] done synthesizing module 'riscv_pipline' (0#1) [C:/Users/salti/Desktop/Final_Project/RV32I/pipline/riscv_5stagepipline.sv:74]
INFO: [Synth 8-6157] synthesizing module 'imem' [C:/Users/salti/Desktop/Final_Project/RV32I/pipline/riscv_5stagepipline.sv:474]
INFO: [Synth 8-3876] $readmem data file 'branch_test.txt' is read successfully [C:/Users/salti/Desktop/Final_Project/RV32I/pipline/riscv_5stagepipline.sv:480]
INFO: [Synth 8-6155] done synthesizing module 'imem' (0#1) [C:/Users/salti/Desktop/Final_Project/RV32I/pipline/riscv_5stagepipline.sv:474]
INFO: [Synth 8-6157] synthesizing module 'dmem' [C:/Users/salti/Desktop/Final_Project/RV32I/pipline/riscv_5stagepipline.sv:489]
INFO: [Synth 8-6155] done synthesizing module 'dmem' (0#1) [C:/Users/salti/Desktop/Final_Project/RV32I/pipline/riscv_5stagepipline.sv:489]
INFO: [Synth 8-6155] done synthesizing module 'top' (0#1) [C:/Users/salti/Desktop/Final_Project/RV32I/pipline/riscv_5stagepipline.sv:56]
WARNING: [Synth 8-85] always block has no event control specified [C:/Users/salti/Desktop/Final_Project/RV32I/pipline/riscv_5stagepipline.sv:21]
WARNING: [Synth 8-589] replacing case/wildcard equality operator === with logical equality operator == [C:/Users/salti/Desktop/Final_Project/RV32I/pipline/riscv_5stagepipline.sv:29]
WARNING: [Synth 8-589] replacing case/wildcard equality operator === with logical equality operator == [C:/Users/salti/Desktop/Final_Project/RV32I/pipline/riscv_5stagepipline.sv:29]
WARNING: [Synth 8-11581] system task call 'stop' not supported [C:/Users/salti/Desktop/Final_Project/RV32I/pipline/riscv_5stagepipline.sv:33]
WARNING: [Synth 8-589] replacing case/wildcard equality operator !== with logical equality operator != [C:/Users/salti/Desktop/Final_Project/RV32I/pipline/riscv_5stagepipline.sv:35]
WARNING: [Synth 8-11581] system task call 'stop' not supported [C:/Users/salti/Desktop/Final_Project/RV32I/pipline/riscv_5stagepipline.sv:37]
INFO: [Synth 8-6155] done synthesizing module 'testbench' (0#1) [C:/Users/salti/Desktop/Final_Project/RV32I/pipline/riscv_5stagepipline.sv:1]
WARNING: [Synth 8-6014] Unused sequential element hash_reg was removed.  [C:/Users/salti/Desktop/Final_Project/RV32I/pipline/riscv_5stagepipline.sv:45]
WARNING: [Synth 8-7129] Port a[31] in module dmem is either unconnected or has no load
WARNING: [Synth 8-7129] Port a[30] in module dmem is either unconnected or has no load
WARNING: [Synth 8-7129] Port a[29] in module dmem is either unconnected or has no load
WARNING: [Synth 8-7129] Port a[28] in module dmem is either unconnected or has no load
WARNING: [Synth 8-7129] Port a[27] in module dmem is either unconnected or has no load
WARNING: [Synth 8-7129] Port a[26] in module dmem is either unconnected or has no load
WARNING: [Synth 8-7129] Port a[25] in module dmem is either unconnected or has no load
WARNING: [Synth 8-7129] Port a[24] in module dmem is either unconnected or has no load
WARNING: [Synth 8-7129] Port a[23] in module dmem is either unconnected or has no load
WARNING: [Synth 8-7129] Port a[22] in module dmem is either unconnected or has no load
WARNING: [Synth 8-7129] Port a[21] in module dmem is either unconnected or has no load
WARNING: [Synth 8-7129] Port a[20] in module dmem is either unconnected or has no load
WARNING: [Synth 8-7129] Port a[19] in module dmem is either unconnected or has no load
WARNING: [Synth 8-7129] Port a[18] in module dmem is either unconnected or has no load
WARNING: [Synth 8-7129] Port a[17] in module dmem is either unconnected or has no load
WARNING: [Synth 8-7129] Port a[16] in module dmem is either unconnected or has no load
WARNING: [Synth 8-7129] Port a[15] in module dmem is either unconnected or has no load
WARNING: [Synth 8-7129] Port a[14] in module dmem is either unconnected or has no load
WARNING: [Synth 8-7129] Port a[13] in module dmem is either unconnected or has no load
WARNING: [Synth 8-7129] Port a[12] in module dmem is either unconnected or has no load
WARNING: [Synth 8-7129] Port a[11] in module dmem is either unconnected or has no load
WARNING: [Synth 8-7129] Port a[10] in module dmem is either unconnected or has no load
WARNING: [Synth 8-7129] Port a[9] in module dmem is either unconnected or has no load
WARNING: [Synth 8-7129] Port a[8] in module dmem is either unconnected or has no load
WARNING: [Synth 8-7129] Port a[1] in module dmem is either unconnected or has no load
WARNING: [Synth 8-7129] Port a[0] in module dmem is either unconnected or has no load
WARNING: [Synth 8-7129] Port a[1] in module imem is either unconnected or has no load
WARNING: [Synth 8-7129] Port a[0] in module imem is either unconnected or has no load
---------------------------------------------------------------------------------
Finished RTL Elaboration : Time (s): cpu = 00:00:04 ; elapsed = 00:00:04 . Memory (MB): peak = 1978.996 ; gain = 575.723
---------------------------------------------------------------------------------
---------------------------------------------------------------------------------
Start Handling Custom Attributes
---------------------------------------------------------------------------------
---------------------------------------------------------------------------------
Finished Handling Custom Attributes : Time (s): cpu = 00:00:04 ; elapsed = 00:00:04 . Memory (MB): peak = 1978.996 ; gain = 575.723
---------------------------------------------------------------------------------
---------------------------------------------------------------------------------
Finished RTL Optimization Phase 1 : Time (s): cpu = 00:00:04 ; elapsed = 00:00:04 . Memory (MB): peak = 1978.996 ; gain = 575.723
---------------------------------------------------------------------------------
Netlist sorting complete. Time (s): cpu = 00:00:00 ; elapsed = 00:00:00.011 . Memory (MB): peak = 1978.996 ; gain = 0.000
INFO: [Project 1-570] Preparing netlist for logic optimization

Processing XDC Constraints
Initializing timing engine
Parsing XDC File [C:/Users/salti/Desktop/Final_Project/RV32I/pipline/Nexys-A7-100T-Master.xdc]
Finished Parsing XDC File [C:/Users/salti/Desktop/Final_Project/RV32I/pipline/Nexys-A7-100T-Master.xdc]
Completed Processing XDC Constraints

Netlist sorting complete. Time (s): cpu = 00:00:00 ; elapsed = 00:00:00 . Memory (MB): peak = 1989.602 ; gain = 0.000
INFO: [Project 1-111] Unisim Transformation Summary:
No Unisim elements were transformed.

RTL Elaboration Complete:  : Time (s): cpu = 00:00:12 ; elapsed = 00:00:08 . Memory (MB): peak = 2337.988 ; gain = 934.715
74 Infos, 35 Warnings, 0 Critical Warnings and 0 Errors encountered.
synth_design completed successfully
synth_design: Time (s): cpu = 00:00:13 ; elapsed = 00:00:10 . Memory (MB): peak = 2337.988 ; gain = 1101.246
exit
INFO: [Common 17-206] Exiting Vivado at Wed Oct 15 17:35:07 2025...
